<?xml version="1.0" encoding="utf-8"?><testsuites name="pytest tests"><testsuite name="pytest" errors="0" failures="0" skipped="0" tests="16" time="3.510" timestamp="2026-03-05T13:58:44.832954+00:00" hostname="agent-env-f75688be-0238-49bb-9382-a06e9b7f27d3"><testcase classname="backend.tests.test_affiliate.TestAffiliateValidation" name="test_validate_invalid_code" time="0.192" /><testcase classname="backend.tests.test_affiliate.TestAffiliateValidation" name="test_validate_short_code" time="0.118" /><testcase classname="backend.tests.test_affiliate.TestAffiliateValidation" name="test_validate_code_case_insensitive" time="0.179" /><testcase classname="backend.tests.test_affiliate.TestAffiliateRegistration" name="test_register_requires_auth" time="0.121" /><testcase classname="backend.tests.test_affiliate.TestAffiliateRegistration" name="test_register_affiliate_success" time="0.220" /><testcase classname="backend.tests.test_affiliate.TestAffiliateRegistration" name="test_register_duplicate_user" time="0.224" /><testcase classname="backend.tests.test_affiliate.TestAffiliateRegistration" name="test_register_code_too_short" time="0.188" /><testcase classname="backend.tests.test_affiliate.TestAffiliateRegistration" name="test_register_duplicate_code" time="0.359" /><testcase classname="backend.tests.test_affiliate.TestAffiliateDashboard" name="test_dashboard_requires_auth" time="0.113" /><testcase classname="backend.tests.test_affiliate.TestAffiliateDashboard" name="test_dashboard_non_affiliate_user" time="0.186" /><testcase classname="backend.tests.test_affiliate.TestAffiliateDashboard" name="test_dashboard_affiliate_user" time="0.239" /><testcase classname="backend.tests.test_affiliate.TestAffiliateCodeValidationAfterRegistration" name="test_validate_registered_code" time="0.231" /><testcase classname="backend.tests.test_affiliate.TestPaymentWithAffiliateCode" name="test_payment_request_accepts_affiliate_code" time="0.479" /><testcase classname="backend.tests.test_affiliate.TestPaymentWithAffiliateCode" name="test_user_cannot_use_own_code" time="0.236" /><testcase classname="backend.tests.test_affiliate.TestAffiliateCodeFormats" name="test_alphanumeric_code" time="0.174" /><testcase classname="backend.tests.test_affiliate.TestAffiliateCodeFormats" name="test_code_converted_to_uppercase" time="0.192" /></testsuite></testsuites>