<?xml version="1.0" encoding="utf-8"?><testsuites name="pytest tests"><testsuite name="pytest" errors="0" failures="1" skipped="0" tests="14" time="2.991" timestamp="2026-06-06T12:34:21.986030+00:00" hostname="agent-env-ca618f07-ff19-45c0-af43-1bb76de9c0bf"><testcase classname="backend.tests.test_alert_routes.TestAlertsAuth" name="test_get_alerts_requires_auth" time="0.225" /><testcase classname="backend.tests.test_alert_routes.TestAlertsAuth" name="test_subscription_requires_auth" time="0.125" /><testcase classname="backend.tests.test_alert_routes.TestAlertsAuth" name="test_create_alert_requires_auth" time="0.109" /><testcase classname="backend.tests.test_alert_routes.TestAlertSubscription" name="test_get_subscription" time="0.487" /><testcase classname="backend.tests.test_alert_routes.TestAlertSubscription" name="test_get_tiers" time="0.119" /><testcase classname="backend.tests.test_alert_routes.TestAlertSearch" name="test_search_btc" time="0.119" /><testcase classname="backend.tests.test_alert_routes.TestAlertSearch" name="test_get_btc_price" time="0.258"><failure message="AssertionError: {&quot;detail&quot;:&quot;Could not fetch price for BTC&quot;}&#10;assert 404 == 200&#10; +  where 404 = &lt;Response [404]&gt;.status_code">backend/tests/test_alert_routes.py:89: in test_get_btc_price
    assert r.status_code == 200, r.text
E   AssertionError: {"detail":"Could not fetch price for BTC"}
E   assert 404 == 200
E    +  where 404 = &lt;Response [404]&gt;.status_code</failure></testcase><testcase classname="backend.tests.test_alert_routes.TestAlertsCRUD" name="test_list_alerts" time="0.188" /><testcase classname="backend.tests.test_alert_routes.TestAlertsCRUD" name="test_create_alert" time="0.173" /><testcase classname="backend.tests.test_alert_routes.TestAlertsCRUD" name="test_get_alerts_includes_new" time="0.266" /><testcase classname="backend.tests.test_alert_routes.TestAlertsCRUD" name="test_toggle_alert" time="0.120" /><testcase classname="backend.tests.test_alert_routes.TestAlertsCRUD" name="test_delete_alert" time="0.211" /><testcase classname="backend.tests.test_alert_routes.TestAlertValidation" name="test_invalid_asset_type" time="0.127" /><testcase classname="backend.tests.test_alert_routes.TestAlertValidation" name="test_invalid_price_asset_type" time="0.323" /></testsuite></testsuites>