<?xml version="1.0" encoding="utf-8"?><testsuites name="pytest tests"><testsuite name="pytest" errors="0" failures="0" skipped="0" tests="32" time="4.669" timestamp="2026-03-27T02:48:08.312725+00:00" hostname="agent-env-ca618f07-ff19-45c0-af43-1bb76de9c0bf"><testcase classname="tests.test_classification_routes.TestClassificationRoutes" name="test_analyze_unknown_transactions_success" time="0.305" /><testcase classname="tests.test_classification_routes.TestClassificationRoutes" name="test_analyze_with_limit_parameter" time="0.123" /><testcase classname="tests.test_classification_routes.TestClassificationRoutes" name="test_analyze_unauthorized" time="0.138" /><testcase classname="tests.test_classification_routes.TestClassificationRoutes" name="test_auto_apply_dry_run" time="0.131" /><testcase classname="tests.test_classification_routes.TestClassificationRoutes" name="test_auto_apply_actual" time="0.101" /><testcase classname="tests.test_classification_routes.TestClassificationRoutes" name="test_auto_apply_unauthorized" time="0.110" /><testcase classname="tests.test_classification_routes.TestClassificationRoutes" name="test_get_metrics_success" time="0.114" /><testcase classname="tests.test_classification_routes.TestClassificationRoutes" name="test_get_metrics_with_days_parameter" time="0.131" /><testcase classname="tests.test_classification_routes.TestClassificationRoutes" name="test_get_metrics_unauthorized" time="0.161" /><testcase classname="tests.test_classification_routes.TestClassificationRoutes" name="test_get_patterns_success" time="0.113" /><testcase classname="tests.test_classification_routes.TestClassificationRoutes" name="test_get_patterns_unauthorized" time="0.114" /><testcase classname="tests.test_classification_routes.TestClassificationRoutes" name="test_classify_by_pattern_dry_run" time="0.123" /><testcase classname="tests.test_classification_routes.TestClassificationRoutes" name="test_classify_by_pattern_missing_fields" time="0.145" /><testcase classname="tests.test_classification_routes.TestClassificationRoutes" name="test_classify_by_pattern_unauthorized" time="0.110" /><testcase classname="tests.test_classification_routes.TestClassificationRoutes" name="test_classify_by_destination_dry_run" time="0.128" /><testcase classname="tests.test_classification_routes.TestClassificationRoutes" name="test_classify_by_destination_actual" time="0.107" /><testcase classname="tests.test_classification_routes.TestClassificationRoutes" name="test_classify_by_destination_missing_fields" time="0.110" /><testcase classname="tests.test_classification_routes.TestClassificationRoutes" name="test_classify_by_destination_unauthorized" time="0.099" /><testcase classname="tests.test_classification_routes.TestClassificationRoutes" name="test_decide_accept_suggestion" time="0.114" /><testcase classname="tests.test_classification_routes.TestClassificationRoutes" name="test_decide_reject_suggestion" time="0.109" /><testcase classname="tests.test_classification_routes.TestClassificationRoutes" name="test_decide_with_override" time="0.121" /><testcase classname="tests.test_classification_routes.TestClassificationRoutes" name="test_decide_missing_fields" time="0.109" /><testcase classname="tests.test_classification_routes.TestClassificationRoutes" name="test_decide_unauthorized" time="0.118" /><testcase classname="tests.test_classification_routes.TestClassificationRoutes" name="test_get_batches_success" time="0.115" /><testcase classname="tests.test_classification_routes.TestClassificationRoutes" name="test_get_batches_unauthorized" time="0.107" /><testcase classname="tests.test_classification_routes.TestClassificationRoutes" name="test_rollback_nonexistent_batch" time="0.126" /><testcase classname="tests.test_classification_routes.TestClassificationRoutes" name="test_rollback_unauthorized" time="0.119" /><testcase classname="tests.test_classification_routes.TestClassificationRoutes" name="test_get_suggestion_nonexistent_tx" time="0.123" /><testcase classname="tests.test_classification_routes.TestClassificationRoutes" name="test_get_suggestion_unauthorized" time="0.115" /><testcase classname="tests.test_classification_routes.TestClassificationIntegration" name="test_full_classification_workflow" time="0.729" /><testcase classname="tests.test_classification_routes.TestClassificationIntegration" name="test_confidence_levels_structure" time="0.112" /><testcase classname="tests.test_classification_routes.TestClassificationIntegration" name="test_metrics_accuracy_calculation" time="0.108" /></testsuite></testsuites>