<?xml version="1.0" encoding="utf-8"?><testsuites name="pytest tests"><testsuite name="pytest" errors="0" failures="0" skipped="0" tests="24" time="4.473" timestamp="2026-03-27T03:01:53.253007+00:00" hostname="agent-env-ca618f07-ff19-45c0-af43-1bb76de9c0bf"><testcase classname="backend.tests.test_classification_effectiveness.TestClassificationEffectivenessRoutes" name="test_effectiveness_summary_success" time="0.392" /><testcase classname="backend.tests.test_classification_effectiveness.TestClassificationEffectivenessRoutes" name="test_effectiveness_with_days_parameter" time="0.136" /><testcase classname="backend.tests.test_classification_effectiveness.TestClassificationEffectivenessRoutes" name="test_effectiveness_unauthorized" time="0.146" /><testcase classname="backend.tests.test_classification_effectiveness.TestClassificationEffectivenessRoutes" name="test_confidence_buckets_success" time="0.153" /><testcase classname="backend.tests.test_classification_effectiveness.TestClassificationEffectivenessRoutes" name="test_confidence_buckets_with_days_parameter" time="0.124" /><testcase classname="backend.tests.test_classification_effectiveness.TestClassificationEffectivenessRoutes" name="test_confidence_buckets_unauthorized" time="0.114" /><testcase classname="backend.tests.test_classification_effectiveness.TestClassificationEffectivenessRoutes" name="test_classification_types_success" time="0.115" /><testcase classname="backend.tests.test_classification_effectiveness.TestClassificationEffectivenessRoutes" name="test_classification_types_with_days_parameter" time="0.109" /><testcase classname="backend.tests.test_classification_effectiveness.TestClassificationEffectivenessRoutes" name="test_classification_types_unauthorized" time="0.110" /><testcase classname="backend.tests.test_classification_effectiveness.TestClassificationEffectivenessRoutes" name="test_snapshot_before_success" time="0.112" /><testcase classname="backend.tests.test_classification_effectiveness.TestClassificationEffectivenessRoutes" name="test_snapshot_after_success" time="0.107" /><testcase classname="backend.tests.test_classification_effectiveness.TestClassificationEffectivenessRoutes" name="test_snapshot_invalid_type" time="0.139" /><testcase classname="backend.tests.test_classification_effectiveness.TestClassificationEffectivenessRoutes" name="test_snapshot_default_type" time="0.136" /><testcase classname="backend.tests.test_classification_effectiveness.TestClassificationEffectivenessRoutes" name="test_snapshot_unauthorized" time="0.126" /><testcase classname="backend.tests.test_classification_effectiveness.TestClassificationEffectivenessRoutes" name="test_admin_summary_success" time="0.108" /><testcase classname="backend.tests.test_classification_effectiveness.TestClassificationEffectivenessRoutes" name="test_admin_summary_with_days_parameter" time="0.103" /><testcase classname="backend.tests.test_classification_effectiveness.TestClassificationEffectivenessRoutes" name="test_admin_summary_unauthorized" time="0.128" /><testcase classname="backend.tests.test_classification_effectiveness.TestEffectivenessIntegration" name="test_full_effectiveness_workflow" time="0.871" /><testcase classname="backend.tests.test_classification_effectiveness.TestEffectivenessIntegration" name="test_effectiveness_data_consistency" time="0.231" /><testcase classname="backend.tests.test_classification_effectiveness.TestEffectivenessIntegration" name="test_precision_calculation_validity" time="0.212" /><testcase classname="backend.tests.test_classification_effectiveness.TestEffectivenessIntegration" name="test_snapshot_persistence" time="0.232" /><testcase classname="backend.tests.test_classification_effectiveness.TestEffectivenessEdgeCases" name="test_effectiveness_with_zero_days" time="0.250" /><testcase classname="backend.tests.test_classification_effectiveness.TestEffectivenessEdgeCases" name="test_effectiveness_with_large_days" time="0.115" /><testcase classname="backend.tests.test_classification_effectiveness.TestEffectivenessEdgeCases" name="test_admin_summary_empty_state" time="0.118" /></testsuite></testsuites>