<?xml version="1.0" encoding="utf-8"?><testsuites name="pytest tests"><testsuite name="pytest" errors="0" failures="0" skipped="1" tests="31" time="2.981" timestamp="2026-03-27T01:42:55.409589+00:00" hostname="agent-env-52a4fe0f-7bbe-4299-9190-c5b5fd6bc61b"><testcase classname="tests.test_constrained_proceeds" name="test_excludes_stablecoin_disposals" time="0.001" /><testcase classname="tests.test_constrained_proceeds" name="test_excludes_already_has_proceeds" time="0.001" /><testcase classname="tests.test_constrained_proceeds" name="test_excludes_missing_proceeds_value" time="0.001" /><testcase classname="tests.test_constrained_proceeds" name="test_excludes_missing_timestamp" time="0.001" /><testcase classname="tests.test_constrained_proceeds" name="test_excludes_unresolved_wallet_ownership" time="0.000" /><testcase classname="tests.test_constrained_proceeds" name="test_excludes_missing_acquisition_history" time="0.000" /><testcase classname="tests.test_constrained_proceeds" name="test_excludes_inferred_internal_transfer" time="0.000" /><testcase classname="tests.test_constrained_proceeds" name="test_excludes_bridge_ambiguity" time="0.000" /><testcase classname="tests.test_constrained_proceeds" name="test_excludes_dex_ambiguity" time="0.000" /><testcase classname="tests.test_constrained_proceeds" name="test_creates_candidate_for_valid_disposal" time="0.001" /><testcase classname="tests.test_constrained_proceeds" name="test_apply_creates_audit_entries" time="0.001" /><testcase classname="tests.test_constrained_proceeds" name="test_created_records_have_rollback_id" time="0.001" /><testcase classname="tests.test_constrained_proceeds" name="test_created_records_have_source_disposal_linkage" time="0.001" /><testcase classname="tests.test_constrained_proceeds" name="test_never_creates_orphan_inventory" time="0.001" /><testcase classname="tests.test_constrained_proceeds" name="test_dry_run_does_not_create_records" time="0.000" /><testcase classname="tests.test_constrained_proceeds" name="test_preview_shows_all_candidates_and_skipped" time="0.000" /><testcase classname="tests.test_constrained_proceeds_api.TestConstrainedProceedsAPI" name="test_preview_endpoint_returns_200" time="0.244" /><testcase classname="tests.test_constrained_proceeds_api.TestConstrainedProceedsAPI" name="test_preview_returns_summary_structure" time="0.207" /><testcase classname="tests.test_constrained_proceeds_api.TestConstrainedProceedsAPI" name="test_preview_shows_exclusion_reasons" time="0.173" /><testcase classname="tests.test_constrained_proceeds_api.TestConstrainedProceedsAPI" name="test_preview_skipped_items_have_details" time="0.188" /><testcase classname="tests.test_constrained_proceeds_api.TestConstrainedProceedsAPI" name="test_apply_dry_run_returns_200" time="0.184" /><testcase classname="tests.test_constrained_proceeds_api.TestConstrainedProceedsAPI" name="test_apply_dry_run_does_not_create_records" time="0.202" /><testcase classname="tests.test_constrained_proceeds_api.TestConstrainedProceedsAPI" name="test_apply_dry_run_shows_preview" time="0.186" /><testcase classname="tests.test_constrained_proceeds_api.TestConstrainedProceedsAPI" name="test_apply_with_specific_tx_ids" time="0.167"><skipped type="pytest.skip" message="No fixable candidates available">/app/backend/tests/test_constrained_proceeds_api.py:213: No fixable candidates available</skipped></testcase><testcase classname="tests.test_constrained_proceeds_api.TestConstrainedProceedsAPI" name="test_rollback_invalid_batch_returns_404" time="0.190" /><testcase classname="tests.test_constrained_proceeds_api.TestConstrainedProceedsAPI" name="test_rollback_requires_batch_id" time="0.210" /><testcase classname="tests.test_constrained_proceeds_api.TestConstrainedProceedsAPI" name="test_rollback_batches_returns_200" time="0.204" /><testcase classname="tests.test_constrained_proceeds_api.TestConstrainedProceedsAPI" name="test_rollback_batches_returns_list" time="0.205" /><testcase classname="tests.test_constrained_proceeds_api.TestConstrainedProceedsAPI" name="test_rollback_batches_structure" time="0.199" /><testcase classname="tests.test_constrained_proceeds_api.TestConstrainedProceedsAPI" name="test_full_flow_preview_to_apply_to_rollback" time="0.196" /><testcase classname="tests.test_constrained_proceeds_api.TestConstrainedProceedsAPI" name="test_exclusions_are_properly_categorized" time="0.180" /></testsuite></testsuites>