<?xml version="1.0" encoding="utf-8"?><testsuites name="pytest tests"><testsuite name="pytest" errors="0" failures="0" skipped="0" tests="21" time="3.797" timestamp="2026-03-05T18:44:36.652400+00:00" hostname="agent-env-f75688be-0238-49bb-9382-a06e9b7f27d3"><testcase classname="backend.tests.test_exchange.TestExchangeSupportedEndpoint" name="test_get_supported_exchanges" time="0.125" /><testcase classname="backend.tests.test_exchange.TestExchangeSupportedEndpoint" name="test_supported_exchanges_structure" time="0.112" /><testcase classname="backend.tests.test_exchange.TestExchangeSupportedEndpoint" name="test_coinbase_exchange_details" time="0.137" /><testcase classname="backend.tests.test_exchange.TestExchangeSupportedEndpoint" name="test_binance_exchange_details" time="0.136" /><testcase classname="backend.tests.test_exchange.TestExchangeConnectEndpoint" name="test_connect_requires_authentication" time="0.141" /><testcase classname="backend.tests.test_exchange.TestExchangeConnectEndpoint" name="test_free_user_cannot_connect_exchange" time="0.203" /><testcase classname="backend.tests.test_exchange.TestExchangeConnectEndpoint" name="test_connect_coinbase_requires_access_token" time="0.183" /><testcase classname="backend.tests.test_exchange.TestExchangeConnectEndpoint" name="test_connect_binance_requires_api_credentials" time="0.281" /><testcase classname="backend.tests.test_exchange.TestExchangeConnectEndpoint" name="test_connect_unsupported_exchange" time="0.219" /><testcase classname="backend.tests.test_exchange.TestExchangeConnectedEndpoint" name="test_connected_requires_authentication" time="0.111" /><testcase classname="backend.tests.test_exchange.TestExchangeConnectedEndpoint" name="test_get_connected_exchanges_empty" time="0.177" /><testcase classname="backend.tests.test_exchange.TestExchangeDisconnectEndpoint" name="test_disconnect_requires_authentication" time="0.114" /><testcase classname="backend.tests.test_exchange.TestExchangeDisconnectEndpoint" name="test_disconnect_not_connected_exchange" time="0.202" /><testcase classname="backend.tests.test_exchange.TestExchangeSyncEndpoint" name="test_sync_requires_authentication" time="0.118" /><testcase classname="backend.tests.test_exchange.TestExchangeSyncEndpoint" name="test_free_user_cannot_sync" time="0.199" /><testcase classname="backend.tests.test_exchange.TestExchangeSyncEndpoint" name="test_sync_not_connected_exchange" time="0.192" /><testcase classname="backend.tests.test_exchange.TestExchangeTransactionsEndpoint" name="test_transactions_requires_authentication" time="0.111" /><testcase classname="backend.tests.test_exchange.TestExchangeTransactionsEndpoint" name="test_free_user_cannot_get_transactions" time="0.178" /><testcase classname="backend.tests.test_exchange.TestExchangeTransactionsEndpoint" name="test_get_transactions_empty" time="0.206" /><testcase classname="backend.tests.test_exchange.TestExchangeTransactionsEndpoint" name="test_transactions_supports_filters" time="0.272" /><testcase classname="backend.tests.test_exchange.TestExchangeIntegrationFlow" name="test_full_flow_free_user_blocked" time="0.342" /></testsuite></testsuites>