<?xml version="1.0" encoding="utf-8"?><testsuites name="pytest tests"><testsuite name="pytest" errors="0" failures="0" skipped="0" tests="14" time="1.906" timestamp="2026-03-26T23:31:21.554960+00:00" hostname="agent-env-fcbc021b-c35f-474a-aac0-9437df7856ed"><testcase classname="tests.test_custody_linkage_iteration20.TestAuthentication" name="test_login_success" time="0.182" /><testcase classname="tests.test_custody_linkage_iteration20.TestReviewQueue" name="test_get_review_queue" time="0.252" /><testcase classname="tests.test_custody_linkage_iteration20.TestReviewQueue" name="test_review_queue_item_structure" time="0.125" /><testcase classname="tests.test_custody_linkage_iteration20.TestResolveReview" name="test_resolve_review_invalid_decision" time="0.108" /><testcase classname="tests.test_custody_linkage_iteration20.TestResolveReview" name="test_resolve_review_not_found" time="0.126" /><testcase classname="tests.test_custody_linkage_iteration20.TestLinkages" name="test_get_linkages" time="0.149" /><testcase classname="tests.test_custody_linkage_iteration20.TestLinkages" name="test_linkage_item_structure" time="0.101" /><testcase classname="tests.test_custody_linkage_iteration20.TestClusters" name="test_get_clusters" time="0.107" /><testcase classname="tests.test_custody_linkage_iteration20.TestTaxEvents" name="test_get_tax_events" time="0.120" /><testcase classname="tests.test_custody_linkage_iteration20.TestTaxEvents" name="test_tax_event_structure" time="0.105" /><testcase classname="tests.test_custody_linkage_iteration20.TestForm8949Export" name="test_export_form_8949_csv" time="0.118" /><testcase classname="tests.test_custody_linkage_iteration20.TestForm8949Export" name="test_export_form_8949_content_disposition" time="0.108" /><testcase classname="tests.test_custody_linkage_iteration20.TestLinkWallet" name="test_link_wallet_missing_fields" time="0.136" /><testcase classname="tests.test_custody_linkage_iteration20.TestExportReviewQueue" name="test_export_review_queue_csv" time="0.131" /></testsuite></testsuites>