<?xml version="1.0" encoding="utf-8"?><testsuites name="pytest tests"><testsuite name="pytest" errors="0" failures="0" skipped="0" tests="14" time="9.782" timestamp="2026-03-19T18:36:51.440408+00:00" hostname="agent-env-63425e1f-e144-4a37-9c62-3f67dbb8660b"><testcase classname="tests.test_bug_fixes_iteration18.TestCustodyAddressValidation" name="test_solana_address_shows_coming_soon_not_evm_error" time="0.214" /><testcase classname="tests.test_bug_fixes_iteration18.TestCustodyAddressValidation" name="test_solana_invalid_address_shows_solana_format_error" time="0.167" /><testcase classname="tests.test_bug_fixes_iteration18.TestCustodyAddressValidation" name="test_evm_address_still_works_on_ethereum" time="7.629" /><testcase classname="tests.test_bug_fixes_iteration18.TestCustodyAddressValidation" name="test_evm_address_on_polygon_works" time="0.446" /><testcase classname="tests.test_bug_fixes_iteration18.TestCustodyAddressValidation" name="test_invalid_evm_address_shows_evm_error_on_ethereum" time="0.174" /><testcase classname="tests.test_bug_fixes_iteration18.TestCustodyAddressValidation" name="test_bitcoin_address_shows_coming_soon" time="0.382" /><testcase classname="tests.test_bug_fixes_iteration18.TestCustodyAddressValidation" name="test_unsupported_chain_shows_helpful_error" time="0.208" /><testcase classname="tests.test_bug_fixes_iteration18.TestTaxCalculationTransfers" name="test_send_transaction_not_in_realized_gains" time="0.182" /><testcase classname="tests.test_bug_fixes_iteration18.TestTaxCalculationTransfers" name="test_calculate_tax_endpoint_works" time="0.187" /><testcase classname="tests.test_bug_fixes_iteration18.TestExchangeTaxServiceDirectly" name="test_send_withdrawal_not_treated_as_sale" time="0.167" /><testcase classname="tests.test_bug_fixes_iteration18.TestExchangeTaxServiceDirectly" name="test_sell_and_trade_still_create_gains" time="0.000" /><testcase classname="tests.test_bug_fixes_iteration18.TestExchangeTaxServiceDirectly" name="test_trade_creates_gain" time="0.000" /><testcase classname="tests.test_bug_fixes_iteration18.TestExchangeTaxServiceDirectly" name="test_acquisitions_still_work" time="0.000" /><testcase classname="tests.test_bug_fixes_iteration18.TestExchangeTaxServiceDirectly" name="test_mixed_scenario_only_sells_create_gains" time="0.000" /></testsuite></testsuites>