<?xml version="1.0" encoding="utf-8"?><testsuites name="pytest tests"><testsuite name="pytest" errors="0" failures="0" skipped="0" tests="15" time="5.003" timestamp="2026-03-29T21:01:27.570448+00:00" hostname="agent-env-ca618f07-ff19-45c0-af43-1bb76de9c0bf"><testcase classname="backend.tests.test_iteration30_tax_manual_acquisition.TestTaxSummary2025" name="test_unified_tax_2025_returns_structure" time="2.066" /><testcase classname="backend.tests.test_iteration30_tax_manual_acquisition.TestTaxSummary2025" name="test_unified_tax_2024_still_works" time="0.366" /><testcase classname="backend.tests.test_iteration30_tax_manual_acquisition.TestTaxSummary2025" name="test_unified_tax_no_year_filter" time="0.425" /><testcase classname="backend.tests.test_iteration30_tax_manual_acquisition.TestManualAcquisitionEndpoints" name="test_add_manual_acquisition_success" time="0.174" /><testcase classname="backend.tests.test_iteration30_tax_manual_acquisition.TestManualAcquisitionEndpoints" name="test_add_manual_acquisition_validation_errors" time="0.217" /><testcase classname="backend.tests.test_iteration30_tax_manual_acquisition.TestManualAcquisitionEndpoints" name="test_add_manual_acquisition_invalid_timestamp" time="0.173" /><testcase classname="backend.tests.test_iteration30_tax_manual_acquisition.TestOrphanDisposalSummary" name="test_orphan_disposal_summary_structure" time="0.195" /><testcase classname="backend.tests.test_iteration30_tax_manual_acquisition.TestManualAcquisitionsList" name="test_get_manual_acquisitions_list" time="0.159" /><testcase classname="backend.tests.test_iteration30_tax_manual_acquisition.TestDeleteManualAcquisition" name="test_delete_manual_acquisition_success" time="0.274" /><testcase classname="backend.tests.test_iteration30_tax_manual_acquisition.TestDeleteManualAcquisition" name="test_delete_nonexistent_acquisition" time="0.202" /><testcase classname="backend.tests.test_iteration30_tax_manual_acquisition.TestAuthenticationRequired" name="test_manual_acquisition_requires_auth" time="0.110" /><testcase classname="backend.tests.test_iteration30_tax_manual_acquisition.TestAuthenticationRequired" name="test_orphan_summary_requires_auth" time="0.094" /><testcase classname="backend.tests.test_iteration30_tax_manual_acquisition.TestAuthenticationRequired" name="test_manual_acquisitions_list_requires_auth" time="0.115" /><testcase classname="backend.tests.test_iteration30_tax_manual_acquisition.TestAuthenticationRequired" name="test_delete_manual_acquisition_requires_auth" time="0.099" /><testcase classname="backend.tests.test_iteration30_tax_manual_acquisition.TestCleanup" name="test_cleanup_test_acquisitions" time="0.284" /></testsuite></testsuites>