<?xml version="1.0" encoding="utf-8"?><testsuites name="pytest tests"><testsuite name="pytest" errors="0" failures="11" skipped="2" tests="265" time="1001.613" timestamp="2026-03-19T19:24:44.801599+00:00" hostname="agent-env-63425e1f-e144-4a37-9c62-3f67dbb8660b"><testcase classname="tests.test_affiliate.TestAffiliateValidation" name="test_validate_invalid_code" time="0.136" /><testcase classname="tests.test_affiliate.TestAffiliateValidation" name="test_validate_short_code" time="0.108" /><testcase classname="tests.test_affiliate.TestAffiliateValidation" name="test_validate_code_case_insensitive" time="0.149" /><testcase classname="tests.test_affiliate.TestAffiliateRegistration" name="test_register_requires_auth" time="0.117" /><testcase classname="tests.test_affiliate.TestAffiliateRegistration" name="test_register_affiliate_success" time="0.179" /><testcase classname="tests.test_affiliate.TestAffiliateRegistration" name="test_register_duplicate_user" time="0.245" /><testcase classname="tests.test_affiliate.TestAffiliateRegistration" name="test_register_code_too_short" time="0.171" /><testcase classname="tests.test_affiliate.TestAffiliateRegistration" name="test_register_duplicate_code" time="0.292" /><testcase classname="tests.test_affiliate.TestAffiliateDashboard" name="test_dashboard_requires_auth" time="0.114" /><testcase classname="tests.test_affiliate.TestAffiliateDashboard" name="test_dashboard_non_affiliate_user" time="0.179" /><testcase classname="tests.test_affiliate.TestAffiliateDashboard" name="test_dashboard_affiliate_user" time="0.220" /><testcase classname="tests.test_affiliate.TestAffiliateCodeValidationAfterRegistration" name="test_validate_registered_code" time="0.237" /><testcase classname="tests.test_affiliate.TestPaymentWithAffiliateCode" name="test_payment_request_accepts_affiliate_code" time="0.349" /><testcase classname="tests.test_affiliate.TestPaymentWithAffiliateCode" name="test_user_cannot_use_own_code" time="0.214" /><testcase classname="tests.test_affiliate.TestAffiliateCodeFormats" name="test_alphanumeric_code" time="0.161" /><testcase classname="tests.test_affiliate.TestAffiliateCodeFormats" name="test_code_converted_to_uppercase" time="0.184" /><testcase classname="tests.test_bug_fixes_iteration18.TestCustodyAddressValidation" name="test_solana_address_now_works" time="3.187" /><testcase classname="tests.test_bug_fixes_iteration18.TestCustodyAddressValidation" name="test_solana_invalid_address_shows_solana_format_error" time="0.207" /><testcase classname="tests.test_bug_fixes_iteration18.TestCustodyAddressValidation" name="test_evm_address_still_works_on_ethereum" time="0.402" /><testcase classname="tests.test_bug_fixes_iteration18.TestCustodyAddressValidation" name="test_evm_address_on_polygon_works" time="0.433" /><testcase classname="tests.test_bug_fixes_iteration18.TestCustodyAddressValidation" name="test_invalid_evm_address_shows_evm_error_on_ethereum" time="0.190" /><testcase classname="tests.test_bug_fixes_iteration18.TestCustodyAddressValidation" name="test_bitcoin_address_shows_coming_soon" time="0.206" /><testcase classname="tests.test_bug_fixes_iteration18.TestCustodyAddressValidation" name="test_unsupported_chain_shows_helpful_error" time="0.207" /><testcase classname="tests.test_bug_fixes_iteration18.TestTaxCalculationTransfers" name="test_send_transaction_not_in_realized_gains" time="0.178" /><testcase classname="tests.test_bug_fixes_iteration18.TestTaxCalculationTransfers" name="test_calculate_tax_endpoint_works" time="0.196" /><testcase classname="tests.test_bug_fixes_iteration18.TestExchangeTaxServiceDirectly" name="test_send_withdrawal_not_treated_as_sale" time="0.209" /><testcase classname="tests.test_bug_fixes_iteration18.TestExchangeTaxServiceDirectly" name="test_sell_and_trade_still_create_gains" time="0.000" /><testcase classname="tests.test_bug_fixes_iteration18.TestExchangeTaxServiceDirectly" name="test_trade_creates_gain" time="0.000" /><testcase classname="tests.test_bug_fixes_iteration18.TestExchangeTaxServiceDirectly" name="test_acquisitions_still_work" time="0.000" /><testcase classname="tests.test_bug_fixes_iteration18.TestExchangeTaxServiceDirectly" name="test_mixed_scenario_only_sells_create_gains" time="0.000" /><testcase classname="tests.test_csv_parser.TestCsvParserCoinbaseFormatDetection" name="test_detect_classic_coinbase_format" time="0.000" /><testcase classname="tests.test_csv_parser.TestCsvParserCoinbaseFormatDetection" name="test_detect_modern_coinbase_format_alt1" time="0.000" /><testcase classname="tests.test_csv_parser.TestCsvParserCoinbaseFormatDetection" name="test_detect_modern_coinbase_format_with_datetime" time="0.000" /><testcase classname="tests.test_csv_parser.TestCsvParserCoinbaseFormatDetection" name="test_detect_coinbase_heuristic" time="0.000" /><testcase classname="tests.test_csv_parser.TestCsvParserCoinbaseClassicParsing" name="test_parse_classic_coinbase_buy" time="0.002" /><testcase classname="tests.test_csv_parser.TestCsvParserCoinbaseClassicParsing" name="test_parse_classic_coinbase_sell" time="0.000" /><testcase classname="tests.test_csv_parser.TestCsvParserCoinbaseClassicParsing" name="test_parse_classic_coinbase_multiple_transactions" time="0.000" /><testcase classname="tests.test_csv_parser.TestCsvParserCoinbaseModernParsing" name="test_parse_modern_coinbase_buy_crypto" time="0.000" /><testcase classname="tests.test_csv_parser.TestCsvParserCoinbaseModernParsing" name="test_parse_modern_coinbase_sell_crypto" time="0.000" /><testcase classname="tests.test_csv_parser.TestCsvParserCoinbaseModernParsing" name="test_parse_modern_coinbase_with_quantity_suffix" time="0.000" /><testcase classname="tests.test_csv_parser.TestCsvParserCoinbaseModernParsing" name="test_parse_modern_coinbase_stablecoin_handling" time="0.000" /><testcase classname="tests.test_csv_parser.TestCsvParserBuySellLogic" name="test_buy_crypto_with_fiat" time="0.000" /><testcase classname="tests.test_csv_parser.TestCsvParserBuySellLogic" name="test_sell_crypto_for_fiat" time="0.000" /><testcase classname="tests.test_csv_parser.TestCsvParserAPIEndpoints" name="test_supported_exchanges_has_accepted_columns" time="0.104" /><testcase classname="tests.test_csv_parser.TestCsvParserAPIEndpoints" name="test_coinbase_accepted_columns_shows_formats" time="0.130" /><testcase classname="tests.test_csv_parser.TestCsvParserAPIEndpoints" name="test_export_instructions_has_accepted_columns" time="0.114"><failure message="AssertionError: Export instructions should include accepted_columns&#10;assert 'accepted_columns' in {'name': 'Coinbase', 'notes': 'We support multiple Coinbase CSV formats including classic and modern exports.', 'steps': ['1. Log in to Coinbase (coinbase.com)', '2. Click on your profile icon → Settings', &quot;3. Go to 'Statements' or 'Reports'&quot;, &quot;4. Click 'Generate Report'&quot;, &quot;5. Select 'Transaction History'&quot;, &quot;6. Choose your date range (or 'All time')&quot;, ...]}">tests/test_csv_parser.py:306: in test_export_instructions_has_accepted_columns
    assert "accepted_columns" in data, "Export instructions should include accepted_columns"
E   AssertionError: Export instructions should include accepted_columns
E   assert 'accepted_columns' in {'name': 'Coinbase', 'notes': 'We support multiple Coinbase CSV formats including classic and modern exports.', 'steps': ['1. Log in to Coinbase (coinbase.com)', '2. Click on your profile icon → Settings', "3. Go to 'Statements' or 'Reports'", "4. Click 'Generate Report'", "5. Select 'Transaction History'", "6. Choose your date range (or 'All time')", ...]}</failure></testcase><testcase classname="tests.test_csv_parser.TestCsvParserAPIEndpoints" name="test_all_exchanges_have_accepted_columns_in_instructions" time="0.295"><failure message="assert 404 == 200&#10; +  where 404 = &lt;Response [404]&gt;.status_code">tests/test_csv_parser.py:315: in test_all_exchanges_have_accepted_columns_in_instructions
    assert response.status_code == 200
E   assert 404 == 200
E    +  where 404 = &lt;Response [404]&gt;.status_code</failure></testcase><testcase classname="tests.test_csv_parser.TestCsvParserEdgeCases" name="test_empty_csv_raises_error" time="0.000" /><testcase classname="tests.test_csv_parser.TestCsvParserEdgeCases" name="test_unknown_format_raises_error" time="0.000" /><testcase classname="tests.test_csv_parser.TestCsvParserEdgeCases" name="test_parse_handles_missing_values" time="0.000" /><testcase classname="tests.test_csv_parser.TestCsvParserEdgeCases" name="test_parse_handles_various_timestamp_formats" time="0.002" /><testcase classname="tests.test_data_source_toggle.TestDataSourceToggle" name="test_wallet_only_data_source" time="0.886" /><testcase classname="tests.test_data_source_toggle.TestDataSourceToggle" name="test_exchange_only_data_source" time="0.294" /><testcase classname="tests.test_data_source_toggle.TestDataSourceToggle" name="test_combined_data_source" time="0.663" /><testcase classname="tests.test_data_source_toggle.TestDataSourceToggle" name="test_default_data_source_is_combined" time="0.788" /><testcase classname="tests.test_data_source_toggle.TestDataSourceToggle" name="test_data_sources_used_structure" time="0.713" /><testcase classname="tests.test_data_source_toggle.TestDataSourceToggle" name="test_wallet_only_excludes_exchange_data" time="0.722" /><testcase classname="tests.test_data_source_toggle.TestDataSourceToggle" name="test_exchange_only_excludes_wallet_data" time="0.232" /><testcase classname="tests.test_data_source_toggle.TestDataSourceToggle" name="test_wallet_only_requires_address" time="0.231" /><testcase classname="tests.test_data_source_toggle.TestDataSourceToggle" name="test_combined_requires_address" time="0.266" /><testcase classname="tests.test_data_source_toggle.TestDataSourceToggle" name="test_exchange_only_does_not_require_address" time="0.287" /><testcase classname="tests.test_data_source_toggle.TestStablecoinExclusion" name="test_stablecoins_set_defined" time="0.239" /><testcase classname="tests.test_data_source_toggle.TestStablecoinExclusion" name="test_is_stablecoin_method" time="0.140" /><testcase classname="tests.test_data_source_toggle.TestStablecoinExclusion" name="test_exchange_tax_excludes_stablecoins" time="0.108" /><testcase classname="tests.test_data_source_toggle.TestFreeTierAccess" name="test_free_user_blocked_wallet_only" time="0.174" /><testcase classname="tests.test_data_source_toggle.TestFreeTierAccess" name="test_free_user_blocked_exchange_only" time="0.196" /><testcase classname="tests.test_data_source_toggle.TestFreeTierAccess" name="test_free_user_blocked_combined" time="0.184" /><testcase classname="tests.test_exchange.TestExchangeSupportedEndpoint" name="test_get_supported_exchanges" time="0.136" /><testcase classname="tests.test_exchange.TestExchangeSupportedEndpoint" name="test_supported_exchanges_structure" time="0.117" /><testcase classname="tests.test_exchange.TestExchangeSupportedEndpoint" name="test_coinbase_exchange_details" time="0.111" /><testcase classname="tests.test_exchange.TestExchangeExportInstructionsEndpoint" name="test_get_coinbase_instructions" time="0.104" /><testcase classname="tests.test_exchange.TestExchangeExportInstructionsEndpoint" name="test_get_binance_instructions" time="0.115" /><testcase classname="tests.test_exchange.TestExchangeExportInstructionsEndpoint" name="test_get_kraken_instructions" time="0.172" /><testcase classname="tests.test_exchange.TestExchangeExportInstructionsEndpoint" name="test_get_instructions_includes_notes" time="0.177" /><testcase classname="tests.test_exchange.TestExchangeExportInstructionsEndpoint" name="test_invalid_exchange_returns_404" time="0.122" /><testcase classname="tests.test_exchange.TestExchangeImportCSVEndpoint" name="test_import_requires_authentication" time="0.159" /><testcase classname="tests.test_exchange.TestExchangeImportCSVEndpoint" name="test_free_user_cannot_import_csv" time="0.256" /><testcase classname="tests.test_exchange.TestExchangeImportCSVEndpoint" name="test_import_requires_csv_file" time="0.264" /><testcase classname="tests.test_exchange.TestExchangeTransactionsEndpoint" name="test_transactions_requires_authentication" time="0.128" /><testcase classname="tests.test_exchange.TestExchangeTransactionsEndpoint" name="test_free_user_cannot_get_transactions" time="0.211" /><testcase classname="tests.test_exchange.TestExchangeTransactionsEndpoint" name="test_get_transactions_returns_structure" time="0.203" /><testcase classname="tests.test_exchange.TestExchangeTransactionsEndpoint" name="test_transactions_supports_filters" time="0.306" /><testcase classname="tests.test_exchange.TestExchangeDeleteTransactionsEndpoint" name="test_delete_requires_authentication" time="0.122" /><testcase classname="tests.test_exchange.TestExchangeDeleteTransactionsEndpoint" name="test_delete_returns_count" time="0.177" /><testcase classname="tests.test_exchange.TestExchangeDeleteTransactionsEndpoint" name="test_delete_with_exchange_filter" time="0.207" /><testcase classname="tests.test_exchange.TestExchangeIntegrationFlow" name="test_full_flow_free_user_blocked" time="0.454" /><testcase classname="tests.test_exchange.TestExchangeIntegrationFlow" name="test_all_six_exchanges_have_instructions" time="0.434"><failure message="AssertionError: Failed to get instructions for crypto_com&#10;assert 404 == 200&#10; +  where 404 = &lt;Response [404]&gt;.status_code">tests/test_exchange.py:285: in test_all_six_exchanges_have_instructions
    assert response.status_code == 200, f"Failed to get instructions for {exchange_id}"
E   AssertionError: Failed to get instructions for crypto_com
E   assert 404 == 200
E    +  where 404 = &lt;Response [404]&gt;.status_code</failure></testcase><testcase classname="tests.test_exchange_tax.TestExchangeTaxCalculateEndpoint" name="test_calculate_requires_authentication" time="0.126" /><testcase classname="tests.test_exchange_tax.TestExchangeTaxCalculateEndpoint" name="test_free_user_gets_403" time="0.180" /><testcase classname="tests.test_exchange_tax.TestExchangeTaxCalculateEndpoint" name="test_unlimited_user_can_calculate" time="0.197" /><testcase classname="tests.test_exchange_tax.TestExchangeTaxCalculateEndpoint" name="test_calculate_returns_correct_structure" time="0.179" /><testcase classname="tests.test_exchange_tax.TestExchangeTaxCalculateEndpoint" name="test_calculate_with_year_filter" time="0.179" /><testcase classname="tests.test_exchange_tax.TestExchangeTaxCalculateEndpoint" name="test_calculate_with_asset_filter" time="0.169" /><testcase classname="tests.test_exchange_tax.TestExchangeTaxCalculateEndpoint" name="test_calculate_with_both_filters" time="0.201" /><testcase classname="tests.test_exchange_tax.TestExchangeTaxCalculateEndpoint" name="test_summary_has_expected_fields" time="0.191" /><testcase classname="tests.test_exchange_tax.TestExchangeForm8949Endpoint" name="test_form8949_requires_authentication" time="0.125" /><testcase classname="tests.test_exchange_tax.TestExchangeForm8949Endpoint" name="test_free_user_gets_403" time="0.173" /><testcase classname="tests.test_exchange_tax.TestExchangeForm8949Endpoint" name="test_unlimited_user_can_access" time="0.198" /><testcase classname="tests.test_exchange_tax.TestExchangeForm8949Endpoint" name="test_returns_correct_structure" time="0.218" /><testcase classname="tests.test_exchange_tax.TestExchangeForm8949Endpoint" name="test_with_year_filter" time="0.200" /><testcase classname="tests.test_exchange_tax.TestExchangeForm8949Endpoint" name="test_with_holding_period_filter_short" time="0.183" /><testcase classname="tests.test_exchange_tax.TestExchangeForm8949Endpoint" name="test_with_holding_period_filter_long" time="0.176" /><testcase classname="tests.test_exchange_tax.TestExchangeForm8949Endpoint" name="test_with_all_filters" time="0.270" /><testcase classname="tests.test_exchange_tax.TestExchangeForm8949CSVEndpoint" name="test_csv_requires_authentication" time="0.116" /><testcase classname="tests.test_exchange_tax.TestExchangeForm8949CSVEndpoint" name="test_free_user_gets_403" time="0.190" /><testcase classname="tests.test_exchange_tax.TestExchangeForm8949CSVEndpoint" name="test_unlimited_user_access" time="0.169" /><testcase classname="tests.test_exchange_tax.TestExchangeForm8949CSVEndpoint" name="test_csv_with_year_filter" time="0.192" /><testcase classname="tests.test_exchange_tax.TestExchangeForm8949CSVEndpoint" name="test_csv_with_holding_period_filter" time="0.189" /><testcase classname="tests.test_exchange_tax.TestExchangeTaxIntegration" name="test_free_user_blocked_all_tax_endpoints" time="0.294" /><testcase classname="tests.test_exchange_tax.TestExchangeTaxIntegration" name="test_unlimited_user_full_flow" time="0.218" /><testcase classname="tests.test_exchange_tax.TestExchangeTaxIntegration" name="test_tax_data_consistent_between_endpoints" time="0.227" /><testcase classname="tests.test_large_wallet_optimization.TestSolanaSmallWallet" name="test_solana_small_wallet_analysis" time="1.812" /><testcase classname="tests.test_large_wallet_optimization.TestExchangeDepositDetection" name="test_exchange_deposit_warning_detection" time="0.686" /><testcase classname="tests.test_large_wallet_optimization.TestCSVImportFIFOGains" name="test_csv_import_multi_asset_fifo_gains" time="0.518" /><testcase classname="tests.test_large_wallet_optimization.TestForm8949Export" name="test_form_8949_export_asset_labels" time="0.279" /><testcase classname="tests.test_large_wallet_optimization.TestTotalTransactionCount" name="test_total_transaction_count_field" time="0.704" /><testcase classname="tests.test_large_wallet_optimization.TestLargeETHWallet" name="test_large_eth_wallet_analysis" time="46.996" /><testcase classname="tests.test_large_wallet_optimization.TestHealthCheck" name="test_api_health" time="0.177" /><testcase classname="tests.test_large_wallet_optimization.TestHealthCheck" name="test_supported_chains_endpoint" time="0.112" /><testcase classname="tests.test_mvp_features.TestAuthLogin" name="test_login_success" time="0.149" /><testcase classname="tests.test_mvp_features.TestAuthLogin" name="test_login_invalid_password" time="0.129" /><testcase classname="tests.test_mvp_features.TestAuthLogin" name="test_login_nonexistent_user" time="0.111" /><testcase classname="tests.test_mvp_features.TestAuthLogin" name="test_login_invalid_email_format" time="0.116" /><testcase classname="tests.test_mvp_features.TestPasswordReset" name="test_forgot_password_success" time="0.121" /><testcase classname="tests.test_mvp_features.TestPasswordReset" name="test_forgot_password_nonexistent_email" time="0.114" /><testcase classname="tests.test_mvp_features.TestPasswordReset" name="test_reset_password_invalid_token" time="0.118" /><testcase classname="tests.test_mvp_features.TestAuthenticatedEndpoints" name="test_get_current_user" time="0.261" /><testcase classname="tests.test_mvp_features.TestAuthenticatedEndpoints" name="test_get_current_user_without_token" time="0.153" /><testcase classname="tests.test_mvp_features.TestWalletAnalysis" name="test_analyze_wallet_success" time="51.726" /><testcase classname="tests.test_mvp_features.TestWalletAnalysis" name="test_analyze_wallet_invalid_address" time="0.381" /><testcase classname="tests.test_mvp_features.TestWalletAnalysis" name="test_analyze_wallet_without_auth" time="0.108" /><testcase classname="tests.test_mvp_features.TestTaxExport" name="test_export_form_8949_endpoint_exists" time="44.600" /><testcase classname="tests.test_mvp_features.TestTaxExport" name="test_export_form_8949_without_auth" time="0.145" /><testcase classname="tests.test_mvp_features.TestUserRegistration" name="test_register_new_user" time="0.130" /><testcase classname="tests.test_mvp_features.TestUserRegistration" name="test_register_duplicate_email" time="0.109" /><testcase classname="tests.test_mvp_features.TestUserRegistration" name="test_register_weak_password" time="0.115" /><testcase classname="tests.test_mvp_fixes_iteration15.TestExchangeDepositDetection" name="test_solana_exchange_deposit_address_detection" time="0.777" /><testcase classname="tests.test_mvp_fixes_iteration15.TestExchangeDepositDetection" name="test_wallet_analysis_returns_exchange_deposit_warning_field" time="0.562" /><testcase classname="tests.test_mvp_fixes_iteration15.TestCoinbaseSyncEndpoint" name="test_sync_coinbase_endpoint_exists" time="0.118" /><testcase classname="tests.test_mvp_fixes_iteration15.TestCoinbaseSyncEndpoint" name="test_sync_coinbase_requires_authentication" time="0.114" /><testcase classname="tests.test_mvp_fixes_iteration15.TestPerAssetFIFOCalculation" name="test_csv_import_multi_asset" time="0.224" /><testcase classname="tests.test_mvp_fixes_iteration15.TestPerAssetFIFOCalculation" name="test_per_asset_fifo_exchange_only" time="0.558" /><testcase classname="tests.test_mvp_fixes_iteration15.TestPerAssetFIFOCalculation" name="test_btc_fifo_matches_btc_sells_only" time="0.123" /><testcase classname="tests.test_mvp_fixes_iteration15.TestPerAssetFIFOCalculation" name="test_total_gains_reasonable_not_billions" time="0.144" /><testcase classname="tests.test_mvp_fixes_iteration15.TestForm8949Export" name="test_form8949_shows_correct_asset_names" time="0.121" /><testcase classname="tests.test_mvp_fixes_iteration15.TestWalletOnlyAnalysis" name="test_wallet_only_shows_correct_balance" time="0.688" /><testcase classname="tests.test_mvp_fixes_iteration15.TestCleanup" name="test_cleanup_exchange_transactions" time="0.122" /><testcase classname="tests.test_onchain_tax.TestOnChainTaxEndpoints" name="test_eth_wallet_returns_tax_data" time="37.424" /><testcase classname="tests.test_onchain_tax.TestOnChainTaxEndpoints" name="test_eth_wallet_tax_data_has_historical_prices" time="39.636" /><testcase classname="tests.test_onchain_tax.TestOnChainTaxEndpoints" name="test_eth_wallet_tax_data_structure" time="38.692" /><testcase classname="tests.test_onchain_tax.TestOnChainTaxEndpoints" name="test_xrp_wallet_returns_tax_data" time="2.611" /><testcase classname="tests.test_onchain_tax.TestOnChainTaxEndpoints" name="test_xrp_wallet_tax_summary_values" time="1.694" /><testcase classname="tests.test_onchain_tax.TestOnChainTaxEndpoints" name="test_solana_wallet_analysis_works" time="0.636" /><testcase classname="tests.test_onchain_tax.TestOnChainTaxEndpoints" name="test_validation_flags_suspicious_values" time="36.192" /><testcase classname="tests.test_onchain_tax.TestOnChainTaxEndpoints" name="test_enriched_transactions_have_prices" time="36.509" /><testcase classname="tests.test_onchain_tax.TestOnChainTaxValidation" name="test_validation_thresholds_documented" time="33.580" /><testcase classname="tests.test_onchain_tax.TestOnChainTaxValidation" name="test_no_negative_gains_without_sells" time="30.625" /><testcase classname="tests.test_onchain_tax.TestChainSpecificAnalysis" name="test_ethereum_chain_response_structure" time="40.094" /><testcase classname="tests.test_onchain_tax.TestChainSpecificAnalysis" name="test_xrp_chain_response_structure" time="1.889" /><testcase classname="tests.test_onchain_tax.TestAuthenticationAndPermissions" name="test_wallet_analysis_requires_auth" time="0.299" /><testcase classname="tests.test_onchain_tax.TestAuthenticationAndPermissions" name="test_non_ethereum_chains_require_premium" time="3.289" /><testcase classname="tests.test_per_asset_fifo.TestPerAssetFIFO" name="test_csv_import_multi_asset" time="0.380" /><testcase classname="tests.test_per_asset_fifo.TestPerAssetFIFO" name="test_unified_tax_exchange_only_per_asset" time="0.915" /><testcase classname="tests.test_per_asset_fifo.TestPerAssetFIFO" name="test_realized_gains_per_asset_match" time="0.520" /><testcase classname="tests.test_per_asset_fifo.TestPerAssetFIFO" name="test_gain_calculations_reasonable" time="0.535" /><testcase classname="tests.test_per_asset_fifo.TestPerAssetFIFO" name="test_btc_fifo_correct" time="0.356" /><testcase classname="tests.test_per_asset_fifo.TestPerAssetFIFO" name="test_doge_no_sells_no_gains" time="0.356" /><testcase classname="tests.test_per_asset_fifo.TestPerAssetFIFO" name="test_assets_tracked_count" time="0.396" /><testcase classname="tests.test_per_asset_fifo.TestForm8949Export" name="test_form_8949_endpoint_exists" time="0.731" /><testcase classname="tests.test_per_asset_fifo.TestForm8949Export" name="test_form_8949_shows_correct_asset_names" time="0.358" /><testcase classname="tests.test_per_asset_fifo.TestWalletOnlyDefaultDataSource" name="test_wallet_only_data_source_works" time="0.485" /><testcase classname="tests.test_per_asset_fifo.TestCombinedModeMultiAsset" name="test_combined_mode_reasonable_numbers" time="0.904" /><testcase classname="tests.test_refactored_routes.TestRootEndpoints" name="test_api_root" time="0.098" /><testcase classname="tests.test_refactored_routes.TestRootEndpoints" name="test_api_status_post" time="0.106" /><testcase classname="tests.test_refactored_routes.TestAuthRoutes" name="test_login_valid_credentials" time="0.124" /><testcase classname="tests.test_refactored_routes.TestAuthRoutes" name="test_login_invalid_credentials" time="0.115" /><testcase classname="tests.test_refactored_routes.TestAuthRoutes" name="test_me_endpoint" time="0.185" /><testcase classname="tests.test_refactored_routes.TestAuthRoutes" name="test_me_endpoint_unauthorized" time="0.179" /><testcase classname="tests.test_refactored_routes.TestWalletRoutes" name="test_wallet_analyze_solana" time="0.594" /><testcase classname="tests.test_refactored_routes.TestWalletRoutes" name="test_wallet_analyze_invalid_address" time="0.168" /><testcase classname="tests.test_refactored_routes.TestWalletRoutes" name="test_saved_wallets_get" time="0.165" /><testcase classname="tests.test_refactored_routes.TestTaxRoutes" name="test_supported_years" time="0.152" /><testcase classname="tests.test_refactored_routes.TestTaxRoutes" name="test_unified_tax_exchange_only" time="0.163" /><testcase classname="tests.test_refactored_routes.TestTaxRoutes" name="test_unified_tax_wallet_only" time="0.448" /><testcase classname="tests.test_refactored_routes.TestTaxRoutes" name="test_export_form_8949_bug_documented" time="0.579" /><testcase classname="tests.test_refactored_routes.TestTaxRoutes" name="test_tax_categories_get" time="1.218" /><testcase classname="tests.test_refactored_routes.TestExchangeRoutes" name="test_supported_exchanges" time="0.125" /><testcase classname="tests.test_refactored_routes.TestExchangeRoutes" name="test_import_csv_requires_file" time="0.178" /><testcase classname="tests.test_refactored_routes.TestExchangeRoutes" name="test_exchange_transactions_list" time="0.192" /><testcase classname="tests.test_refactored_routes.TestAffiliateRoutes" name="test_validate_affiliate_code_invalid" time="0.097" /><testcase classname="tests.test_refactored_routes.TestAffiliateRoutes" name="test_affiliate_me_not_registered" time="0.230" /><testcase classname="tests.test_refactored_routes.TestCustodyRoutes" name="test_custody_analyze" time="14.036" /><testcase classname="tests.test_refactored_routes.TestCustodyRoutes" name="test_custody_history" time="0.205" /><testcase classname="tests.test_refactored_routes.TestSupportRoutes" name="test_support_contact" time="0.185" /><testcase classname="tests.test_refactored_routes.TestLegacyAliases" name="test_exchange_connect_alias_unauthorized" time="0.150" /><testcase classname="tests.test_refactored_routes.TestFreeTierRestrictions" name="test_multichain_requires_paid_tier" time="0.173" /><testcase classname="tests.test_refactored_routes.TestFreeTierRestrictions" name="test_unified_tax_requires_paid_tier" time="0.204" /><testcase classname="tests.test_solana_custody_iteration19.TestSolanaCustodyNowWorks" name="test_solana_address_returns_valid_analysis" time="3.062" /><testcase classname="tests.test_solana_custody_iteration19.TestSolanaCustodyNowWorks" name="test_solana_with_different_address" time="0.327" /><testcase classname="tests.test_solana_custody_iteration19.TestSolanaCustodyNowWorks" name="test_solana_invalid_address_still_shows_format_error" time="0.239" /><testcase classname="tests.test_solana_custody_iteration19.TestBitcoinStillComingSoon" name="test_bitcoin_shows_coming_soon" time="0.202" /><testcase classname="tests.test_solana_custody_iteration19.TestBitcoinStillComingSoon" name="test_bitcoin_legacy_address_shows_coming_soon" time="0.201" /><testcase classname="tests.test_solana_custody_iteration19.TestEVMChainsStillWork" name="test_ethereum_custody_works" time="0.447" /><testcase classname="tests.test_solana_custody_iteration19.TestEVMChainsStillWork" name="test_polygon_custody_works" time="0.432" /><testcase classname="tests.test_solana_custody_iteration19.TestEVMChainsStillWork" name="test_evm_invalid_address_shows_evm_error" time="0.185" /><testcase classname="tests.test_solana_custody_iteration19.TestCustodyServiceSolanaFeatures" name="test_known_solana_exchange_addresses_are_configured" time="0.001" /><testcase classname="tests.test_solana_custody_iteration19.TestCustodyServiceSolanaFeatures" name="test_known_solana_dex_addresses_are_configured" time="0.000" /><testcase classname="tests.test_solana_custody_iteration19.TestCustodyServiceSolanaFeatures" name="test_solana_analyze_method_exists" time="0.000" /><testcase classname="tests.test_solana_custody_iteration19.TestCustodyServiceSolanaFeatures" name="test_custody_service_supports_solana_chain" time="0.000" /><testcase classname="tests.test_solana_custody_iteration19.TestCustodyServiceSolanaFeatures" name="test_get_address_label_works_for_solana" time="0.000" /><testcase classname="tests.test_solana_custody_iteration19.TestSupportedChainsListing" name="test_unsupported_chain_lists_supported_chains" time="0.192" /><testcase classname="tests.test_tax_features.TestTaxDataInWalletAnalysis" name="test_premium_user_gets_tax_data" time="35.174" /><testcase classname="tests.test_tax_features.TestTaxDataInWalletAnalysis" name="test_tax_summary_structure" time="33.133" /><testcase classname="tests.test_tax_features.TestTaxDataInWalletAnalysis" name="test_free_user_no_tax_data" time="16.792" /><testcase classname="tests.test_tax_features.TestForm8949Export" name="test_form_8949_returns_400_when_no_realized_gains" time="25.544"><failure message="AssertionError: Expected 400 when no realized gains, got 200&#10;assert 200 == 400&#10; +  where 200 = &lt;Response [200]&gt;.status_code">tests/test_tax_features.py:105: in test_form_8949_returns_400_when_no_realized_gains
    assert response.status_code == 400, f"Expected 400 when no realized gains, got {response.status_code}"
E   AssertionError: Expected 400 when no realized gains, got 200
E   assert 200 == 400
E    +  where 200 = &lt;Response [200]&gt;.status_code</failure></testcase><testcase classname="tests.test_tax_features.TestForm8949Export" name="test_form_8949_endpoint_validates_request" time="26.194" /><testcase classname="tests.test_tax_features.TestForm8949Export" name="test_form_8949_accepts_filter_types" time="83.356" /><testcase classname="tests.test_tax_features.TestForm8949Export" name="test_free_user_blocked_from_form_8949" time="0.251" /><testcase classname="tests.test_tax_features.TestTransactionCategories" name="test_save_categories_premium_user" time="0.184" /><testcase classname="tests.test_tax_features.TestTransactionCategories" name="test_get_categories_premium_user" time="0.271" /><testcase classname="tests.test_tax_features.TestTransactionCategories" name="test_categories_persisted_correctly" time="0.238" /><testcase classname="tests.test_tax_features.TestTransactionCategories" name="test_free_user_blocked_from_save_categories" time="0.204" /><testcase classname="tests.test_tax_features.TestTaxSummaryExport" name="test_premium_user_can_export_tax_summary" time="34.497" /><testcase classname="tests.test_tax_features.TestTaxSummaryExport" name="test_free_user_blocked_from_tax_summary" time="0.257" /><testcase classname="tests.test_tax_features.TestAuthentication" name="test_form_8949_requires_auth" time="0.111" /><testcase classname="tests.test_tax_features.TestAuthentication" name="test_save_categories_requires_auth" time="0.164" /><testcase classname="tests.test_tax_features.TestAuthentication" name="test_get_categories_requires_auth" time="0.116" /><testcase classname="tests.test_tax_phase3.TestSupportedTaxYears" name="test_supported_years_returns_valid_list" time="0.100" /><testcase classname="tests.test_tax_phase3.TestSupportedTaxYears" name="test_supported_years_no_auth_required" time="0.131" /><testcase classname="tests.test_tax_phase3.TestScheduleDExport" name="test_schedule_d_requires_auth" time="0.124" /><testcase classname="tests.test_tax_phase3.TestScheduleDExport" name="test_schedule_d_free_user_blocked" time="0.174" /><testcase classname="tests.test_tax_phase3.TestScheduleDExport" name="test_schedule_d_premium_text_format" time="34.821" /><testcase classname="tests.test_tax_phase3.TestScheduleDExport" name="test_schedule_d_premium_csv_format" time="41.197" /><testcase classname="tests.test_tax_phase3.TestScheduleDExport" name="test_schedule_d_validates_tax_year" time="0.294" /><testcase classname="tests.test_tax_phase3.TestScheduleDExport" name="test_schedule_d_accepts_2020_year" time="37.358" /><testcase classname="tests.test_tax_phase3.TestBatchCategorization" name="test_batch_categorize_requires_auth" time="0.158" /><testcase classname="tests.test_tax_phase3.TestBatchCategorization" name="test_batch_categorize_free_user_blocked" time="0.199"><failure message="AssertionError: Expected 403 for free user, got 422&#10;assert 422 == 403&#10; +  where 422 = &lt;Response [422]&gt;.status_code">tests/test_tax_phase3.py:207: in test_batch_categorize_free_user_blocked
    assert response.status_code == 403, f"Expected 403 for free user, got {response.status_code}"
E   AssertionError: Expected 403 for free user, got 422
E   assert 422 == 403
E    +  where 422 = &lt;Response [422]&gt;.status_code</failure></testcase><testcase classname="tests.test_tax_phase3.TestBatchCategorization" name="test_batch_categorize_premium_with_tx_type_rule" time="0.177"><failure message="AssertionError: Expected 200 or 400, got 422: {&quot;detail&quot;:[{&quot;type&quot;:&quot;missing&quot;,&quot;loc&quot;:[&quot;body&quot;,&quot;categories&quot;],&quot;msg&quot;:&quot;Field required&quot;,&quot;input&quot;:{&quot;address&quot;:&quot;0xd8dA6BF26964aF9D7eEd9e03E53415D37aA96045&quot;,&quot;chain&quot;:&quot;ethereum&quot;,&quot;rules&quot;:[{&quot;type&quot;:&quot;tx_type&quot;,&quot;value&quot;:&quot;received&quot;,&quot;category&quot;:&quot;income&quot;}]},&quot;url&quot;:&quot;https://errors.pydantic.dev/2.12/v/missing&quot;}]}&#10;assert 422 in [200, 400]&#10; +  where 422 = &lt;Response [422]&gt;.status_code">tests/test_tax_phase3.py:222: in test_batch_categorize_premium_with_tx_type_rule
    assert response.status_code in [200, 400], f"Expected 200 or 400, got {response.status_code}: {response.text}"
E   AssertionError: Expected 200 or 400, got 422: {"detail":[{"type":"missing","loc":["body","categories"],"msg":"Field required","input":{"address":"0xd8dA6BF26964aF9D7eEd9e03E53415D37aA96045","chain":"ethereum","rules":[{"type":"tx_type","value":"received","category":"income"}]},"url":"https://errors.pydantic.dev/2.12/v/missing"}]}
E   assert 422 in [200, 400]
E    +  where 422 = &lt;Response [422]&gt;.status_code</failure></testcase><testcase classname="tests.test_tax_phase3.TestBatchCategorization" name="test_batch_categorize_premium_with_address_rule" time="0.228"><failure message="AssertionError: Expected 200 or 400, got 422: {&quot;detail&quot;:[{&quot;type&quot;:&quot;missing&quot;,&quot;loc&quot;:[&quot;body&quot;,&quot;categories&quot;],&quot;msg&quot;:&quot;Field required&quot;,&quot;input&quot;:{&quot;address&quot;:&quot;0xd8dA6BF26964aF9D7eEd9e03E53415D37aA96045&quot;,&quot;chain&quot;:&quot;ethereum&quot;,&quot;rules&quot;:[{&quot;type&quot;:&quot;address&quot;,&quot;value&quot;:&quot;0x0000000000000000000000000000000000000000&quot;,&quot;category&quot;:&quot;fee&quot;}]},&quot;url&quot;:&quot;https://errors.pydantic.dev/2.12/v/missing&quot;}]}&#10;assert 422 in [200, 400]&#10; +  where 422 = &lt;Response [422]&gt;.status_code">tests/test_tax_phase3.py:244: in test_batch_categorize_premium_with_address_rule
    assert response.status_code in [200, 400], f"Expected 200 or 400, got {response.status_code}: {response.text}"
E   AssertionError: Expected 200 or 400, got 422: {"detail":[{"type":"missing","loc":["body","categories"],"msg":"Field required","input":{"address":"0xd8dA6BF26964aF9D7eEd9e03E53415D37aA96045","chain":"ethereum","rules":[{"type":"address","value":"0x0000000000000000000000000000000000000000","category":"fee"}]},"url":"https://errors.pydantic.dev/2.12/v/missing"}]}
E   assert 422 in [200, 400]
E    +  where 422 = &lt;Response [422]&gt;.status_code</failure></testcase><testcase classname="tests.test_tax_phase3.TestBatchCategorization" name="test_batch_categorize_premium_with_amount_rule" time="0.176"><failure message="AssertionError: Expected 200 or 400, got 422: {&quot;detail&quot;:[{&quot;type&quot;:&quot;missing&quot;,&quot;loc&quot;:[&quot;body&quot;,&quot;categories&quot;],&quot;msg&quot;:&quot;Field required&quot;,&quot;input&quot;:{&quot;address&quot;:&quot;0xd8dA6BF26964aF9D7eEd9e03E53415D37aA96045&quot;,&quot;chain&quot;:&quot;ethereum&quot;,&quot;rules&quot;:[{&quot;type&quot;:&quot;amount_gt&quot;,&quot;value&quot;:1.0,&quot;category&quot;:&quot;trade&quot;}]},&quot;url&quot;:&quot;https://errors.pydantic.dev/2.12/v/missing&quot;}]}&#10;assert 422 in [200, 400]&#10; +  where 422 = &lt;Response [422]&gt;.status_code">tests/test_tax_phase3.py:259: in test_batch_categorize_premium_with_amount_rule
    assert response.status_code in [200, 400], f"Expected 200 or 400, got {response.status_code}: {response.text}"
E   AssertionError: Expected 200 or 400, got 422: {"detail":[{"type":"missing","loc":["body","categories"],"msg":"Field required","input":{"address":"0xd8dA6BF26964aF9D7eEd9e03E53415D37aA96045","chain":"ethereum","rules":[{"type":"amount_gt","value":1.0,"category":"trade"}]},"url":"https://errors.pydantic.dev/2.12/v/missing"}]}
E   assert 422 in [200, 400]
E    +  where 422 = &lt;Response [422]&gt;.status_code</failure></testcase><testcase classname="tests.test_tax_phase3.TestBatchCategorization" name="test_batch_categorize_multiple_rules" time="0.187"><failure message="AssertionError: Expected 200 or 400, got 422: {&quot;detail&quot;:[{&quot;type&quot;:&quot;missing&quot;,&quot;loc&quot;:[&quot;body&quot;,&quot;categories&quot;],&quot;msg&quot;:&quot;Field required&quot;,&quot;input&quot;:{&quot;address&quot;:&quot;0xd8dA6BF26964aF9D7eEd9e03E53415D37aA96045&quot;,&quot;chain&quot;:&quot;ethereum&quot;,&quot;rules&quot;:[{&quot;type&quot;:&quot;tx_type&quot;,&quot;value&quot;:&quot;received&quot;,&quot;category&quot;:&quot;income&quot;},{&quot;type&quot;:&quot;tx_type&quot;,&quot;value&quot;:&quot;sent&quot;,&quot;category&quot;:&quot;payment&quot;},{&quot;type&quot;:&quot;amount_lt&quot;,&quot;value&quot;:0.01,&quot;category&quot;:&quot;fee&quot;}]},&quot;url&quot;:&quot;https://errors.pydantic.dev/2.12/v/missing&quot;}]}&#10;assert 422 in [200, 400]&#10; +  where 422 = &lt;Response [422]&gt;.status_code">tests/test_tax_phase3.py:276: in test_batch_categorize_multiple_rules
    assert response.status_code in [200, 400], f"Expected 200 or 400, got {response.status_code}: {response.text}"
E   AssertionError: Expected 200 or 400, got 422: {"detail":[{"type":"missing","loc":["body","categories"],"msg":"Field required","input":{"address":"0xd8dA6BF26964aF9D7eEd9e03E53415D37aA96045","chain":"ethereum","rules":[{"type":"tx_type","value":"received","category":"income"},{"type":"tx_type","value":"sent","category":"payment"},{"type":"amount_lt","value":0.01,"category":"fee"}]},"url":"https://errors.pydantic.dev/2.12/v/missing"}]}
E   assert 422 in [200, 400]
E    +  where 422 = &lt;Response [422]&gt;.status_code</failure></testcase><testcase classname="tests.test_tax_phase3.TestAutoCategorization" name="test_auto_categorize_requires_auth" time="0.110" /><testcase classname="tests.test_tax_phase3.TestAutoCategorization" name="test_auto_categorize_free_user_blocked" time="0.168" /><testcase classname="tests.test_tax_phase3.TestAutoCategorization" name="test_auto_categorize_premium_without_known_addresses" time="34.822"><failure message="AssertionError: Expected 200 or 400, got 500: {&quot;detail&quot;:&quot;Failed to auto-categorize transactions&quot;}&#10;assert 500 in [200, 400]&#10; +  where 500 = &lt;Response [500]&gt;.status_code">tests/test_tax_phase3.py:318: in test_auto_categorize_premium_without_known_addresses
    assert response.status_code in [200, 400], f"Expected 200 or 400, got {response.status_code}: {response.text}"
E   AssertionError: Expected 200 or 400, got 500: {"detail":"Failed to auto-categorize transactions"}
E   assert 500 in [200, 400]
E    +  where 500 = &lt;Response [500]&gt;.status_code</failure></testcase><testcase classname="tests.test_tax_phase3.TestAutoCategorization" name="test_auto_categorize_premium_with_known_addresses" time="36.848"><failure message="AssertionError: Expected 200 or 400, got 500: {&quot;detail&quot;:&quot;Failed to auto-categorize transactions&quot;}&#10;assert 500 in [200, 400]&#10; +  where 500 = &lt;Response [500]&gt;.status_code">tests/test_tax_phase3.py:341: in test_auto_categorize_premium_with_known_addresses
    assert response.status_code in [200, 400], f"Expected 200 or 400, got {response.status_code}: {response.text}"
E   AssertionError: Expected 200 or 400, got 500: {"detail":"Failed to auto-categorize transactions"}
E   assert 500 in [200, 400]
E    +  where 500 = &lt;Response [500]&gt;.status_code</failure></testcase><testcase classname="tests.test_tax_phase3.TestAutoCategorization" name="test_auto_categorize_saves_categories" time="34.914"><skipped type="pytest.skip" message="Auto-categorize failed - wallet may have no transactions">/app/backend/tests/test_tax_phase3.py:355: Auto-categorize failed - wallet may have no transactions</skipped></testcase><testcase classname="tests.test_tax_phase3.TestBatchCategorizeSavesCategories" name="test_batch_categorize_saves_categories" time="0.243"><skipped type="pytest.skip" message="Batch categorize failed - wallet may have no transactions">/app/backend/tests/test_tax_phase3.py:388: Batch categorize failed - wallet may have no transactions</skipped></testcase><testcase classname="tests.test_unified_tax.TestUnifiedTaxEndpoints" name="test_unified_tax_requires_auth" time="0.318" /><testcase classname="tests.test_unified_tax.TestUnifiedTaxEndpoints" name="test_unified_tax_free_user_blocked" time="0.264" /><testcase classname="tests.test_unified_tax.TestUnifiedTaxEndpoints" name="test_unified_tax_premium_user_success" time="0.944" /><testcase classname="tests.test_unified_tax.TestUnifiedTaxEndpoints" name="test_unified_tax_response_structure" time="0.690" /><testcase classname="tests.test_unified_tax.TestUnifiedTaxEndpoints" name="test_unified_tax_with_tax_year_filter" time="0.660" /><testcase classname="tests.test_unified_tax.TestUnifiedTaxEndpoints" name="test_unified_tax_with_asset_filter" time="0.699" /><testcase classname="tests.test_unified_tax.TestUnifiedTaxEndpoints" name="test_unified_tax_different_chains" time="2.545" /><testcase classname="tests.test_unified_tax.TestUnifiedTaxEndpoints" name="test_unified_tax_without_exchanges" time="0.741" /><testcase classname="tests.test_unified_tax.TestUnifiedTaxEndpoints" name="test_unified_assets_requires_auth" time="0.269" /><testcase classname="tests.test_unified_tax.TestUnifiedTaxEndpoints" name="test_unified_assets_free_user_blocked" time="0.256" /><testcase classname="tests.test_unified_tax.TestUnifiedTaxEndpoints" name="test_unified_assets_premium_user_success" time="0.255" /><testcase classname="tests.test_unified_tax.TestUnifiedTaxEndpoints" name="test_unified_assets_response_structure" time="0.265" /><testcase classname="tests.test_unified_tax.TestUnifiedTaxServiceLogic" name="test_fifo_method_is_used" time="0.716" /><testcase classname="tests.test_unified_tax.TestUnifiedTaxServiceLogic" name="test_summary_calculations" time="0.711" /><testcase classname="tests.test_unified_tax.TestUnifiedTaxServiceLogic" name="test_unrealized_gains_structure" time="0.586" /><testcase classname="tests.test_unified_tax.TestUnifiedTaxInputValidation" name="test_unified_tax_empty_address" time="0.176" /><testcase classname="tests.test_unified_tax.TestUnifiedTaxInputValidation" name="test_unified_tax_invalid_chain" time="0.176" /><testcase classname="tests.test_unified_tax.TestUnifiedTaxInputValidation" name="test_unified_tax_missing_address" time="0.203" /></testsuite></testsuites>