<?xml version="1.0" encoding="utf-8"?><testsuites name="pytest tests"><testsuite name="pytest" errors="0" failures="0" skipped="0" tests="28" time="179.497" timestamp="2026-03-19T19:29:48.728796+00:00" hostname="agent-env-63425e1f-e144-4a37-9c62-3f67dbb8660b"><testcase classname="tests.test_bug_fixes_iteration18.TestCustodyAddressValidation" name="test_solana_address_now_works" time="33.508" /><testcase classname="tests.test_bug_fixes_iteration18.TestCustodyAddressValidation" name="test_solana_invalid_address_shows_solana_format_error" time="33.428" /><testcase classname="tests.test_bug_fixes_iteration18.TestCustodyAddressValidation" name="test_evm_address_still_works_on_ethereum" time="0.490" /><testcase classname="tests.test_bug_fixes_iteration18.TestCustodyAddressValidation" name="test_evm_address_on_polygon_works" time="33.419" /><testcase classname="tests.test_bug_fixes_iteration18.TestCustodyAddressValidation" name="test_invalid_evm_address_shows_evm_error_on_ethereum" time="30.375" /><testcase classname="tests.test_bug_fixes_iteration18.TestCustodyAddressValidation" name="test_bitcoin_address_shows_coming_soon" time="40.004" /><testcase classname="tests.test_bug_fixes_iteration18.TestCustodyAddressValidation" name="test_unsupported_chain_shows_helpful_error" time="0.225" /><testcase classname="tests.test_bug_fixes_iteration18.TestTaxCalculationTransfers" name="test_send_transaction_not_in_realized_gains" time="1.776" /><testcase classname="tests.test_bug_fixes_iteration18.TestTaxCalculationTransfers" name="test_calculate_tax_endpoint_works" time="0.218" /><testcase classname="tests.test_bug_fixes_iteration18.TestExchangeTaxServiceDirectly" name="test_send_withdrawal_not_treated_as_sale" time="0.087" /><testcase classname="tests.test_bug_fixes_iteration18.TestExchangeTaxServiceDirectly" name="test_sell_and_trade_still_create_gains" time="0.000" /><testcase classname="tests.test_bug_fixes_iteration18.TestExchangeTaxServiceDirectly" name="test_trade_creates_gain" time="0.000" /><testcase classname="tests.test_bug_fixes_iteration18.TestExchangeTaxServiceDirectly" name="test_acquisitions_still_work" time="0.000" /><testcase classname="tests.test_bug_fixes_iteration18.TestExchangeTaxServiceDirectly" name="test_mixed_scenario_only_sells_create_gains" time="0.000" /><testcase classname="tests.test_solana_custody_iteration19.TestSolanaCustodyNowWorks" name="test_solana_address_returns_valid_analysis" time="3.189" /><testcase classname="tests.test_solana_custody_iteration19.TestSolanaCustodyNowWorks" name="test_solana_with_different_address" time="0.348" /><testcase classname="tests.test_solana_custody_iteration19.TestSolanaCustodyNowWorks" name="test_solana_invalid_address_still_shows_format_error" time="0.190" /><testcase classname="tests.test_solana_custody_iteration19.TestBitcoinStillComingSoon" name="test_bitcoin_shows_coming_soon" time="0.199" /><testcase classname="tests.test_solana_custody_iteration19.TestBitcoinStillComingSoon" name="test_bitcoin_legacy_address_shows_coming_soon" time="0.627" /><testcase classname="tests.test_solana_custody_iteration19.TestEVMChainsStillWork" name="test_ethereum_custody_works" time="0.452" /><testcase classname="tests.test_solana_custody_iteration19.TestEVMChainsStillWork" name="test_polygon_custody_works" time="0.493" /><testcase classname="tests.test_solana_custody_iteration19.TestEVMChainsStillWork" name="test_evm_invalid_address_shows_evm_error" time="0.169" /><testcase classname="tests.test_solana_custody_iteration19.TestCustodyServiceSolanaFeatures" name="test_known_solana_exchange_addresses_are_configured" time="0.001" /><testcase classname="tests.test_solana_custody_iteration19.TestCustodyServiceSolanaFeatures" name="test_known_solana_dex_addresses_are_configured" time="0.000" /><testcase classname="tests.test_solana_custody_iteration19.TestCustodyServiceSolanaFeatures" name="test_solana_analyze_method_exists" time="0.000" /><testcase classname="tests.test_solana_custody_iteration19.TestCustodyServiceSolanaFeatures" name="test_custody_service_supports_solana_chain" time="0.000" /><testcase classname="tests.test_solana_custody_iteration19.TestCustodyServiceSolanaFeatures" name="test_get_address_label_works_for_solana" time="0.000" /><testcase classname="tests.test_solana_custody_iteration19.TestSupportedChainsListing" name="test_unsupported_chain_lists_supported_chains" time="0.256" /></testsuite></testsuites>