<?xml version="1.0" encoding="utf-8"?><testsuites name="pytest tests"><testsuite name="pytest" errors="0" failures="0" skipped="0" tests="7" time="5.206" timestamp="2026-03-19T16:58:45.216959+00:00" hostname="agent-env-33122347-65ff-4786-8dc7-9491097cdb37"><testcase classname="backend.tests.test_large_wallet_optimization.TestSolanaSmallWallet" name="test_solana_small_wallet_analysis" time="2.273" /><testcase classname="backend.tests.test_large_wallet_optimization.TestExchangeDepositDetection" name="test_exchange_deposit_warning_detection" time="0.687" /><testcase classname="backend.tests.test_large_wallet_optimization.TestCSVImportFIFOGains" name="test_csv_import_multi_asset_fifo_gains" time="0.719" /><testcase classname="backend.tests.test_large_wallet_optimization.TestForm8949Export" name="test_form_8949_export_asset_labels" time="0.294" /><testcase classname="backend.tests.test_large_wallet_optimization.TestTotalTransactionCount" name="test_total_transaction_count_field" time="0.789" /><testcase classname="backend.tests.test_large_wallet_optimization.TestHealthCheck" name="test_api_health" time="0.249" /><testcase classname="backend.tests.test_large_wallet_optimization.TestHealthCheck" name="test_supported_chains_endpoint" time="0.160" /></testsuite></testsuites>