<?xml version="1.0" encoding="utf-8"?><testsuites name="pytest tests"><testsuite name="pytest" errors="0" failures="0" skipped="0" tests="11" time="5.037" timestamp="2026-03-19T16:02:25.729000+00:00" hostname="agent-env-33122347-65ff-4786-8dc7-9491097cdb37"><testcase classname="tests.test_mvp_fixes_iteration15.TestExchangeDepositDetection" name="test_solana_exchange_deposit_address_detection" time="1.371" /><testcase classname="tests.test_mvp_fixes_iteration15.TestExchangeDepositDetection" name="test_wallet_analysis_returns_exchange_deposit_warning_field" time="1.106" /><testcase classname="tests.test_mvp_fixes_iteration15.TestCoinbaseSyncEndpoint" name="test_sync_coinbase_endpoint_exists" time="0.100" /><testcase classname="tests.test_mvp_fixes_iteration15.TestCoinbaseSyncEndpoint" name="test_sync_coinbase_requires_authentication" time="0.099" /><testcase classname="tests.test_mvp_fixes_iteration15.TestPerAssetFIFOCalculation" name="test_csv_import_multi_asset" time="0.248" /><testcase classname="tests.test_mvp_fixes_iteration15.TestPerAssetFIFOCalculation" name="test_per_asset_fifo_exchange_only" time="0.395" /><testcase classname="tests.test_mvp_fixes_iteration15.TestPerAssetFIFOCalculation" name="test_btc_fifo_matches_btc_sells_only" time="0.103" /><testcase classname="tests.test_mvp_fixes_iteration15.TestPerAssetFIFOCalculation" name="test_total_gains_reasonable_not_billions" time="0.118" /><testcase classname="tests.test_mvp_fixes_iteration15.TestForm8949Export" name="test_form8949_shows_correct_asset_names" time="0.104" /><testcase classname="tests.test_mvp_fixes_iteration15.TestWalletOnlyAnalysis" name="test_wallet_only_shows_correct_balance" time="1.251" /><testcase classname="tests.test_mvp_fixes_iteration15.TestCleanup" name="test_cleanup_exchange_transactions" time="0.124" /></testsuite></testsuites>