<?xml version="1.0" encoding="utf-8"?><testsuites name="pytest tests"><testsuite name="pytest" errors="0" failures="0" skipped="0" tests="11" time="3.054" timestamp="2026-03-27T01:32:42.069511+00:00" hostname="agent-env-52a4fe0f-7bbe-4299-9190-c5b5fd6bc61b"><testcase classname="tests.test_p2_validation_ui.TestP2ValidationEndpoints" name="test_validation_status_endpoint" time="0.312" /><testcase classname="tests.test_p2_validation_ui.TestP2ValidationEndpoints" name="test_pre_export_check_endpoint" time="0.258" /><testcase classname="tests.test_p2_validation_ui.TestP2ValidationEndpoints" name="test_review_queue_grouped_endpoint" time="0.229" /><testcase classname="tests.test_p2_validation_ui.TestP2ValidationEndpoints" name="test_review_queue_suggestions_endpoint" time="0.225" /><testcase classname="tests.test_p2_validation_ui.TestP2ValidationEndpoints" name="test_bulk_resolve_endpoint_empty_list" time="0.229" /><testcase classname="tests.test_p2_validation_ui.TestP2ValidationEndpoints" name="test_bulk_resolve_by_category_endpoint" time="0.276" /><testcase classname="tests.test_p2_validation_ui.TestP15ProceedsAcquisitions" name="test_create_proceeds_acquisitions_dry_run" time="0.252" /><testcase classname="tests.test_p2_validation_ui.TestP15ProceedsAcquisitions" name="test_create_proceeds_acquisitions_legacy_endpoint" time="0.267" /><testcase classname="tests.test_p2_validation_ui.TestReviewQueueBasic" name="test_review_queue_endpoint" time="0.231" /><testcase classname="tests.test_p2_validation_ui.TestValidationStatusIntegration" name="test_validation_status_matches_pre_export" time="0.360" /><testcase classname="tests.test_p2_validation_ui.TestValidationStatusIntegration" name="test_review_queue_count_matches_grouped" time="0.365" /></testsuite></testsuites>