<?xml version="1.0" encoding="utf-8"?><testsuites name="pytest tests"><testsuite name="pytest" errors="0" failures="0" skipped="0" tests="11" time="5.419" timestamp="2026-03-19T05:22:57.541529+00:00" hostname="agent-env-33122347-65ff-4786-8dc7-9491097cdb37"><testcase classname="backend.tests.test_per_asset_fifo.TestPerAssetFIFO" name="test_csv_import_multi_asset" time="0.316" /><testcase classname="backend.tests.test_per_asset_fifo.TestPerAssetFIFO" name="test_unified_tax_exchange_only_per_asset" time="0.861" /><testcase classname="backend.tests.test_per_asset_fifo.TestPerAssetFIFO" name="test_realized_gains_per_asset_match" time="0.339" /><testcase classname="backend.tests.test_per_asset_fifo.TestPerAssetFIFO" name="test_gain_calculations_reasonable" time="0.333" /><testcase classname="backend.tests.test_per_asset_fifo.TestPerAssetFIFO" name="test_btc_fifo_correct" time="0.340" /><testcase classname="backend.tests.test_per_asset_fifo.TestPerAssetFIFO" name="test_doge_no_sells_no_gains" time="0.397" /><testcase classname="backend.tests.test_per_asset_fifo.TestPerAssetFIFO" name="test_assets_tracked_count" time="0.344" /><testcase classname="backend.tests.test_per_asset_fifo.TestForm8949Export" name="test_form_8949_endpoint_exists" time="0.717" /><testcase classname="backend.tests.test_per_asset_fifo.TestForm8949Export" name="test_form_8949_shows_correct_asset_names" time="0.445" /><testcase classname="backend.tests.test_per_asset_fifo.TestWalletOnlyDefaultDataSource" name="test_wallet_only_data_source_works" time="0.472" /><testcase classname="backend.tests.test_per_asset_fifo.TestCombinedModeMultiAsset" name="test_combined_mode_reasonable_numbers" time="0.832" /></testsuite></testsuites>