<?xml version="1.0" encoding="utf-8"?><testsuites name="pytest tests"><testsuite name="pytest" errors="0" failures="0" skipped="0" tests="29" time="4.682" timestamp="2026-03-27T02:26:07.299228+00:00" hostname="agent-env-52a4fe0f-7bbe-4299-9190-c5b5fd6bc61b"><testcase classname="backend.tests.test_post_validation_hardening.TestAuthentication" name="test_login_success" time="0.224" /><testcase classname="backend.tests.test_post_validation_hardening.TestRegressionFixtureSystem" name="test_list_regression_fixtures" time="0.269" /><testcase classname="backend.tests.test_post_validation_hardening.TestRegressionFixtureSystem" name="test_create_regression_fixture" time="0.144" /><testcase classname="backend.tests.test_post_validation_hardening.TestRegressionFixtureSystem" name="test_run_regression_test_with_known_fixture" time="0.208" /><testcase classname="backend.tests.test_post_validation_hardening.TestRegressionFixtureSystem" name="test_run_regression_test_invalid_fixture" time="0.110" /><testcase classname="backend.tests.test_post_validation_hardening.TestPreExportSummary" name="test_pre_export_check" time="0.250" /><testcase classname="backend.tests.test_post_validation_hardening.TestPreExportSummary" name="test_validation_status_endpoint" time="0.104" /><testcase classname="backend.tests.test_post_validation_hardening.TestExportSafetyGuard" name="test_export_form_8949_json" time="0.267" /><testcase classname="backend.tests.test_post_validation_hardening.TestExportSafetyGuard" name="test_export_form_8949_with_force" time="0.127" /><testcase classname="backend.tests.test_post_validation_hardening.TestRecomputeIntegrity" name="test_trigger_recompute" time="0.283" /><testcase classname="backend.tests.test_post_validation_hardening.TestAuditTrail" name="test_get_audit_trail" time="0.224" /><testcase classname="backend.tests.test_post_validation_hardening.TestAuditTrail" name="test_get_audit_trail_filtered" time="0.113" /><testcase classname="backend.tests.test_post_validation_hardening.TestModularRoutes" name="test_review_queue_routes_get_queue" time="0.249" /><testcase classname="backend.tests.test_post_validation_hardening.TestModularRoutes" name="test_review_queue_routes_grouped" time="0.103" /><testcase classname="backend.tests.test_post_validation_hardening.TestModularRoutes" name="test_validation_routes_account_status" time="0.122" /><testcase classname="backend.tests.test_post_validation_hardening.TestModularRoutes" name="test_validation_routes_beta_validate" time="0.158" /><testcase classname="backend.tests.test_post_validation_hardening.TestModularRoutes" name="test_proceeds_routes_preview" time="0.143" /><testcase classname="backend.tests.test_post_validation_hardening.TestModularRoutes" name="test_proceeds_routes_staged_stages" time="0.115" /><testcase classname="backend.tests.test_post_validation_hardening.TestModularRoutes" name="test_proceeds_routes_rollback_batches" time="0.111" /><testcase classname="backend.tests.test_post_validation_hardening.TestModularRoutes" name="test_price_backfill_routes_preview" time="0.101" /><testcase classname="backend.tests.test_post_validation_hardening.TestModularRoutes" name="test_price_backfill_routes_batches" time="0.115" /><testcase classname="backend.tests.test_post_validation_hardening.TestModularRoutes" name="test_custody_core_routes_linkages" time="0.117" /><testcase classname="backend.tests.test_post_validation_hardening.TestModularRoutes" name="test_custody_core_routes_clusters" time="0.129" /><testcase classname="backend.tests.test_post_validation_hardening.TestModularRoutes" name="test_custody_core_routes_tax_lots" time="0.112" /><testcase classname="backend.tests.test_post_validation_hardening.TestModularRoutes" name="test_custody_core_routes_tax_lot_balances" time="0.146" /><testcase classname="backend.tests.test_post_validation_hardening.TestModularRoutes" name="test_custody_core_routes_tax_events" time="0.110" /><testcase classname="backend.tests.test_post_validation_hardening.TestModularRoutes" name="test_custody_core_routes_known_addresses" time="0.100" /><testcase classname="backend.tests.test_post_validation_hardening.TestValidationInvariants" name="test_validate_invariants" time="0.246" /><testcase classname="backend.tests.test_post_validation_hardening.TestValidationInvariants" name="test_lot_status_for_asset" time="0.106" /></testsuite></testsuites>