<?xml version="1.0" encoding="utf-8"?><testsuites name="pytest tests"><testsuite name="pytest" errors="0" failures="0" skipped="1" tests="33" time="2.937" timestamp="2026-03-27T01:52:30.892220+00:00" hostname="agent-env-52a4fe0f-7bbe-4299-9190-c5b5fd6bc61b"><testcase classname="tests.test_price_backfill" name="test_stablecoin_valuation" time="0.002" /><testcase classname="tests.test_price_backfill" name="test_missing_timestamp_unavailable" time="0.205" /><testcase classname="tests.test_price_backfill" name="test_exact_match_from_cryptocompare" time="0.001" /><testcase classname="tests.test_price_backfill" name="test_dry_run_does_not_modify_database" time="0.001" /><testcase classname="tests.test_price_backfill" name="test_apply_creates_audit_trail" time="0.001" /><testcase classname="tests.test_price_backfill" name="test_apply_stores_backfill_metadata" time="0.001" /><testcase classname="tests.test_price_backfill" name="test_summary_report_counts" time="0.199" /><testcase classname="tests.test_price_backfill" name="test_summary_report_by_asset" time="0.001" /><testcase classname="tests.test_price_backfill" name="test_valuation_eligible_original_price_data" time="0.000" /><testcase classname="tests.test_price_backfill" name="test_valuation_eligible_exact_backfill" time="0.000" /><testcase classname="tests.test_price_backfill" name="test_valuation_eligible_stablecoin" time="0.000" /><testcase classname="tests.test_price_backfill" name="test_valuation_not_eligible_unavailable" time="0.000" /><testcase classname="tests.test_price_backfill" name="test_valuation_not_eligible_low_confidence_approximate" time="0.000" /><testcase classname="tests.test_price_backfill" name="test_valuation_eligible_high_confidence_approximate" time="0.000" /><testcase classname="tests.test_price_backfill_api.TestPriceBackfillPreview" name="test_preview_returns_summary" time="0.271" /><testcase classname="tests.test_price_backfill_api.TestPriceBackfillPreview" name="test_preview_returns_status_breakdown" time="0.102" /><testcase classname="tests.test_price_backfill_api.TestPriceBackfillPreview" name="test_preview_returns_source_breakdown" time="0.107" /><testcase classname="tests.test_price_backfill_api.TestPriceBackfillPreview" name="test_preview_returns_asset_breakdown" time="0.101" /><testcase classname="tests.test_price_backfill_api.TestPriceBackfillPreview" name="test_preview_returns_results_list" time="0.107" /><testcase classname="tests.test_price_backfill_api.TestPriceBackfillApply" name="test_apply_dry_run_does_not_create_batch" time="0.113" /><testcase classname="tests.test_price_backfill_api.TestPriceBackfillApply" name="test_apply_dry_run_returns_preview" time="0.124" /><testcase classname="tests.test_price_backfill_api.TestPriceBackfillApply" name="test_apply_with_specific_tx_ids" time="0.136"><skipped type="pytest.skip" message="No backfillable transactions found">/app/backend/tests/test_price_backfill_api.py:229: No backfillable transactions found</skipped></testcase><testcase classname="tests.test_price_backfill_api.TestPriceBackfillApply" name="test_apply_without_approximate" time="0.118" /><testcase classname="tests.test_price_backfill_api.TestPriceBackfillBatches" name="test_list_batches_returns_array" time="0.103" /><testcase classname="tests.test_price_backfill_api.TestPriceBackfillBatches" name="test_batch_structure" time="0.109" /><testcase classname="tests.test_price_backfill_api.TestPriceBackfillRollback" name="test_rollback_invalid_batch_returns_404" time="0.118" /><testcase classname="tests.test_price_backfill_api.TestPriceBackfillRollback" name="test_rollback_requires_batch_id" time="0.122" /><testcase classname="tests.test_price_backfill_api.TestValuationStatusAssignment" name="test_stablecoin_gets_stablecoin_status" time="0.105" /><testcase classname="tests.test_price_backfill_api.TestValuationStatusAssignment" name="test_missing_timestamp_gets_unavailable" time="0.117" /><testcase classname="tests.test_price_backfill_api.TestProceedsIntegration" name="test_proceeds_preview_after_backfill" time="0.117" /><testcase classname="tests.test_price_backfill_api.TestProceedsIntegration" name="test_valuation_eligibility_respected" time="0.165" /><testcase classname="tests.test_price_backfill_api.TestAuditTrail" name="test_audit_trail_endpoint_exists" time="0.110" /><testcase classname="tests.test_price_backfill_api.TestAuditTrail" name="test_backfill_creates_audit_entries" time="0.245" /></testsuite></testsuites>