<?xml version="1.0" encoding="utf-8"?><testsuites name="pytest tests"><testsuite name="pytest" errors="0" failures="0" skipped="0" tests="44" time="9.185" timestamp="2026-03-06T00:39:40.391026+00:00" hostname="agent-env-f75688be-0238-49bb-9382-a06e9b7f27d3"><testcase classname="tests.test_exchange.TestExchangeSupportedEndpoint" name="test_get_supported_exchanges" time="0.164" /><testcase classname="tests.test_exchange.TestExchangeSupportedEndpoint" name="test_supported_exchanges_structure" time="0.127" /><testcase classname="tests.test_exchange.TestExchangeSupportedEndpoint" name="test_coinbase_exchange_details" time="0.131" /><testcase classname="tests.test_exchange.TestExchangeExportInstructionsEndpoint" name="test_get_coinbase_instructions" time="0.126" /><testcase classname="tests.test_exchange.TestExchangeExportInstructionsEndpoint" name="test_get_binance_instructions" time="0.107" /><testcase classname="tests.test_exchange.TestExchangeExportInstructionsEndpoint" name="test_get_kraken_instructions" time="0.121" /><testcase classname="tests.test_exchange.TestExchangeExportInstructionsEndpoint" name="test_get_instructions_includes_notes" time="0.125" /><testcase classname="tests.test_exchange.TestExchangeExportInstructionsEndpoint" name="test_invalid_exchange_returns_404" time="0.114" /><testcase classname="tests.test_exchange.TestExchangeImportCSVEndpoint" name="test_import_requires_authentication" time="0.130" /><testcase classname="tests.test_exchange.TestExchangeImportCSVEndpoint" name="test_free_user_cannot_import_csv" time="0.236" /><testcase classname="tests.test_exchange.TestExchangeImportCSVEndpoint" name="test_import_requires_csv_file" time="0.230" /><testcase classname="tests.test_exchange.TestExchangeTransactionsEndpoint" name="test_transactions_requires_authentication" time="0.118" /><testcase classname="tests.test_exchange.TestExchangeTransactionsEndpoint" name="test_free_user_cannot_get_transactions" time="0.269" /><testcase classname="tests.test_exchange.TestExchangeTransactionsEndpoint" name="test_get_transactions_returns_structure" time="0.211" /><testcase classname="tests.test_exchange.TestExchangeTransactionsEndpoint" name="test_transactions_supports_filters" time="0.322" /><testcase classname="tests.test_exchange.TestExchangeDeleteTransactionsEndpoint" name="test_delete_requires_authentication" time="0.115" /><testcase classname="tests.test_exchange.TestExchangeDeleteTransactionsEndpoint" name="test_delete_returns_count" time="0.197" /><testcase classname="tests.test_exchange.TestExchangeDeleteTransactionsEndpoint" name="test_delete_with_exchange_filter" time="0.199" /><testcase classname="tests.test_exchange.TestExchangeIntegrationFlow" name="test_full_flow_free_user_blocked" time="0.818" /><testcase classname="tests.test_exchange.TestExchangeIntegrationFlow" name="test_all_six_exchanges_have_instructions" time="0.375" /><testcase classname="tests.test_exchange_tax.TestExchangeTaxCalculateEndpoint" name="test_calculate_requires_authentication" time="0.105" /><testcase classname="tests.test_exchange_tax.TestExchangeTaxCalculateEndpoint" name="test_free_user_gets_403" time="0.197" /><testcase classname="tests.test_exchange_tax.TestExchangeTaxCalculateEndpoint" name="test_unlimited_user_can_calculate" time="0.197" /><testcase classname="tests.test_exchange_tax.TestExchangeTaxCalculateEndpoint" name="test_calculate_returns_correct_structure" time="0.171" /><testcase classname="tests.test_exchange_tax.TestExchangeTaxCalculateEndpoint" name="test_calculate_with_year_filter" time="0.187" /><testcase classname="tests.test_exchange_tax.TestExchangeTaxCalculateEndpoint" name="test_calculate_with_asset_filter" time="0.214" /><testcase classname="tests.test_exchange_tax.TestExchangeTaxCalculateEndpoint" name="test_calculate_with_both_filters" time="0.239" /><testcase classname="tests.test_exchange_tax.TestExchangeTaxCalculateEndpoint" name="test_summary_has_expected_fields" time="0.248" /><testcase classname="tests.test_exchange_tax.TestExchangeForm8949Endpoint" name="test_form8949_requires_authentication" time="0.166" /><testcase classname="tests.test_exchange_tax.TestExchangeForm8949Endpoint" name="test_free_user_gets_403" time="0.185" /><testcase classname="tests.test_exchange_tax.TestExchangeForm8949Endpoint" name="test_unlimited_user_can_access" time="0.195" /><testcase classname="tests.test_exchange_tax.TestExchangeForm8949Endpoint" name="test_returns_correct_structure" time="0.176" /><testcase classname="tests.test_exchange_tax.TestExchangeForm8949Endpoint" name="test_with_year_filter" time="0.196" /><testcase classname="tests.test_exchange_tax.TestExchangeForm8949Endpoint" name="test_with_holding_period_filter_short" time="0.239" /><testcase classname="tests.test_exchange_tax.TestExchangeForm8949Endpoint" name="test_with_holding_period_filter_long" time="0.197" /><testcase classname="tests.test_exchange_tax.TestExchangeForm8949Endpoint" name="test_with_all_filters" time="0.210" /><testcase classname="tests.test_exchange_tax.TestExchangeForm8949CSVEndpoint" name="test_csv_requires_authentication" time="0.168" /><testcase classname="tests.test_exchange_tax.TestExchangeForm8949CSVEndpoint" name="test_free_user_gets_403" time="0.203" /><testcase classname="tests.test_exchange_tax.TestExchangeForm8949CSVEndpoint" name="test_unlimited_user_access" time="0.177" /><testcase classname="tests.test_exchange_tax.TestExchangeForm8949CSVEndpoint" name="test_csv_with_year_filter" time="0.200" /><testcase classname="tests.test_exchange_tax.TestExchangeForm8949CSVEndpoint" name="test_csv_with_holding_period_filter" time="0.179" /><testcase classname="tests.test_exchange_tax.TestExchangeTaxIntegration" name="test_free_user_blocked_all_tax_endpoints" time="0.344" /><testcase classname="tests.test_exchange_tax.TestExchangeTaxIntegration" name="test_unlimited_user_full_flow" time="0.261" /><testcase classname="tests.test_exchange_tax.TestExchangeTaxIntegration" name="test_tax_data_consistent_between_endpoints" time="0.225" /></testsuite></testsuites>