<?xml version="1.0" encoding="utf-8"?><testsuites name="pytest tests"><testsuite name="pytest" errors="0" failures="1" skipped="0" tests="14" time="225.658" timestamp="2026-03-19T02:08:52.722119+00:00" hostname="agent-env-812a6b56-700a-4089-b92c-ff2c546e39fc"><testcase classname="test_onchain_tax.TestOnChainTaxEndpoints" name="test_eth_wallet_returns_tax_data" time="15.201" /><testcase classname="test_onchain_tax.TestOnChainTaxEndpoints" name="test_eth_wallet_tax_data_has_historical_prices" time="14.996" /><testcase classname="test_onchain_tax.TestOnChainTaxEndpoints" name="test_eth_wallet_tax_data_structure" time="15.021" /><testcase classname="test_onchain_tax.TestOnChainTaxEndpoints" name="test_xrp_wallet_returns_tax_data" time="1.693" /><testcase classname="test_onchain_tax.TestOnChainTaxEndpoints" name="test_xrp_wallet_tax_summary_values" time="1.489" /><testcase classname="test_onchain_tax.TestOnChainTaxEndpoints" name="test_solana_wallet_analysis_works" time="1.494" /><testcase classname="test_onchain_tax.TestOnChainTaxEndpoints" name="test_validation_flags_suspicious_values" time="18.428" /><testcase classname="test_onchain_tax.TestOnChainTaxEndpoints" name="test_enriched_transactions_have_prices" time="24.833" /><testcase classname="test_onchain_tax.TestOnChainTaxValidation" name="test_validation_thresholds_documented" time="34.995" /><testcase classname="test_onchain_tax.TestOnChainTaxValidation" name="test_no_negative_gains_without_sells" time="60.285"><failure message="assert 502 == 200&#10; +  where 502 = &lt;Response [502]&gt;.status_code">test_onchain_tax.py:294: in test_no_negative_gains_without_sells
    assert response.status_code == 200
E   assert 502 == 200
E    +  where 502 = &lt;Response [502]&gt;.status_code</failure></testcase><testcase classname="test_onchain_tax.TestChainSpecificAnalysis" name="test_ethereum_chain_response_structure" time="34.837" /><testcase classname="test_onchain_tax.TestChainSpecificAnalysis" name="test_xrp_chain_response_structure" time="1.584" /><testcase classname="test_onchain_tax.TestAuthenticationAndPermissions" name="test_wallet_analysis_requires_auth" time="0.328" /><testcase classname="test_onchain_tax.TestAuthenticationAndPermissions" name="test_non_ethereum_chains_require_premium" time="0.402" /></testsuite></testsuites>