<?xml version="1.0" encoding="utf-8"?><testsuites name="pytest tests"><testsuite name="pytest" errors="0" failures="3" skipped="0" tests="72" time="420.068" timestamp="2026-03-05T20:51:58.298739+00:00" hostname="agent-env-f75688be-0238-49bb-9382-a06e9b7f27d3"><testcase classname="backend.tests.test_affiliate.TestAffiliateValidation" name="test_validate_invalid_code" time="0.182" /><testcase classname="backend.tests.test_affiliate.TestAffiliateValidation" name="test_validate_short_code" time="0.122" /><testcase classname="backend.tests.test_affiliate.TestAffiliateValidation" name="test_validate_code_case_insensitive" time="0.160" /><testcase classname="backend.tests.test_affiliate.TestAffiliateRegistration" name="test_register_requires_auth" time="0.111" /><testcase classname="backend.tests.test_affiliate.TestAffiliateRegistration" name="test_register_affiliate_success" time="0.235" /><testcase classname="backend.tests.test_affiliate.TestAffiliateRegistration" name="test_register_duplicate_user" time="0.254" /><testcase classname="backend.tests.test_affiliate.TestAffiliateRegistration" name="test_register_code_too_short" time="0.186" /><testcase classname="backend.tests.test_affiliate.TestAffiliateRegistration" name="test_register_duplicate_code" time="0.335" /><testcase classname="backend.tests.test_affiliate.TestAffiliateDashboard" name="test_dashboard_requires_auth" time="0.106" /><testcase classname="backend.tests.test_affiliate.TestAffiliateDashboard" name="test_dashboard_non_affiliate_user" time="0.193" /><testcase classname="backend.tests.test_affiliate.TestAffiliateDashboard" name="test_dashboard_affiliate_user" time="0.249" /><testcase classname="backend.tests.test_affiliate.TestAffiliateCodeValidationAfterRegistration" name="test_validate_registered_code" time="0.268" /><testcase classname="backend.tests.test_affiliate.TestPaymentWithAffiliateCode" name="test_payment_request_accepts_affiliate_code" time="0.518" /><testcase classname="backend.tests.test_affiliate.TestPaymentWithAffiliateCode" name="test_user_cannot_use_own_code" time="0.267" /><testcase classname="backend.tests.test_affiliate.TestAffiliateCodeFormats" name="test_alphanumeric_code" time="0.201"><failure message="assert 400 == 200&#10; +  where 400 = &lt;Response [400]&gt;.status_code">backend/tests/test_affiliate.py:418: in test_alphanumeric_code
    assert response.status_code == 200
E   assert 400 == 200
E    +  where 400 = &lt;Response [400]&gt;.status_code</failure></testcase><testcase classname="backend.tests.test_affiliate.TestAffiliateCodeFormats" name="test_code_converted_to_uppercase" time="0.218"><failure message="assert 400 == 200&#10; +  where 400 = &lt;Response [400]&gt;.status_code">backend/tests/test_affiliate.py:444: in test_code_converted_to_uppercase
    assert response.status_code == 200
E   assert 400 == 200
E    +  where 400 = &lt;Response [400]&gt;.status_code</failure></testcase><testcase classname="backend.tests.test_exchange.TestExchangeSupportedEndpoint" name="test_get_supported_exchanges" time="0.129" /><testcase classname="backend.tests.test_exchange.TestExchangeSupportedEndpoint" name="test_supported_exchanges_structure" time="0.152" /><testcase classname="backend.tests.test_exchange.TestExchangeSupportedEndpoint" name="test_coinbase_exchange_details" time="0.158" /><testcase classname="backend.tests.test_exchange.TestExchangeExportInstructionsEndpoint" name="test_get_coinbase_instructions" time="0.107" /><testcase classname="backend.tests.test_exchange.TestExchangeExportInstructionsEndpoint" name="test_get_binance_instructions" time="0.114" /><testcase classname="backend.tests.test_exchange.TestExchangeExportInstructionsEndpoint" name="test_get_kraken_instructions" time="0.124" /><testcase classname="backend.tests.test_exchange.TestExchangeExportInstructionsEndpoint" name="test_get_instructions_includes_notes" time="0.119" /><testcase classname="backend.tests.test_exchange.TestExchangeExportInstructionsEndpoint" name="test_invalid_exchange_returns_404" time="0.127" /><testcase classname="backend.tests.test_exchange.TestExchangeImportCSVEndpoint" name="test_import_requires_authentication" time="0.121" /><testcase classname="backend.tests.test_exchange.TestExchangeImportCSVEndpoint" name="test_free_user_cannot_import_csv" time="0.254" /><testcase classname="backend.tests.test_exchange.TestExchangeImportCSVEndpoint" name="test_import_requires_csv_file" time="0.272" /><testcase classname="backend.tests.test_exchange.TestExchangeTransactionsEndpoint" name="test_transactions_requires_authentication" time="0.115" /><testcase classname="backend.tests.test_exchange.TestExchangeTransactionsEndpoint" name="test_free_user_cannot_get_transactions" time="0.297" /><testcase classname="backend.tests.test_exchange.TestExchangeTransactionsEndpoint" name="test_get_transactions_returns_structure" time="0.227" /><testcase classname="backend.tests.test_exchange.TestExchangeTransactionsEndpoint" name="test_transactions_supports_filters" time="0.371" /><testcase classname="backend.tests.test_exchange.TestExchangeDeleteTransactionsEndpoint" name="test_delete_requires_authentication" time="0.128" /><testcase classname="backend.tests.test_exchange.TestExchangeDeleteTransactionsEndpoint" name="test_delete_returns_count" time="0.208" /><testcase classname="backend.tests.test_exchange.TestExchangeDeleteTransactionsEndpoint" name="test_delete_with_exchange_filter" time="0.195" /><testcase classname="backend.tests.test_exchange.TestExchangeIntegrationFlow" name="test_full_flow_free_user_blocked" time="0.517" /><testcase classname="backend.tests.test_exchange.TestExchangeIntegrationFlow" name="test_all_six_exchanges_have_instructions" time="0.436" /><testcase classname="backend.tests.test_tax_features.TestTaxDataInWalletAnalysis" name="test_premium_user_gets_tax_data" time="12.507" /><testcase classname="backend.tests.test_tax_features.TestTaxDataInWalletAnalysis" name="test_tax_summary_structure" time="12.570" /><testcase classname="backend.tests.test_tax_features.TestTaxDataInWalletAnalysis" name="test_free_user_no_tax_data" time="60.259"><failure message="AssertionError: Expected 200, got 502: The preview environment is not responding. It may be starting up.&#10;  &#10;assert 502 == 200&#10; +  where 502 = &lt;Response [502]&gt;.status_code">backend/tests/test_tax_features.py:80: in test_free_user_no_tax_data
    assert response.status_code == 200, f"Expected 200, got {response.status_code}: {response.text}"
E   AssertionError: Expected 200, got 502: The preview environment is not responding. It may be starting up.
E     
E   assert 502 == 200
E    +  where 502 = &lt;Response [502]&gt;.status_code</failure></testcase><testcase classname="backend.tests.test_tax_features.TestForm8949Export" name="test_form_8949_returns_400_when_no_realized_gains" time="50.011" /><testcase classname="backend.tests.test_tax_features.TestForm8949Export" name="test_form_8949_endpoint_validates_request" time="12.391" /><testcase classname="backend.tests.test_tax_features.TestForm8949Export" name="test_form_8949_accepts_filter_types" time="66.440" /><testcase classname="backend.tests.test_tax_features.TestForm8949Export" name="test_free_user_blocked_from_form_8949" time="0.255" /><testcase classname="backend.tests.test_tax_features.TestTransactionCategories" name="test_save_categories_premium_user" time="0.226" /><testcase classname="backend.tests.test_tax_features.TestTransactionCategories" name="test_get_categories_premium_user" time="0.348" /><testcase classname="backend.tests.test_tax_features.TestTransactionCategories" name="test_categories_persisted_correctly" time="2.084" /><testcase classname="backend.tests.test_tax_features.TestTransactionCategories" name="test_free_user_blocked_from_save_categories" time="0.193" /><testcase classname="backend.tests.test_tax_features.TestTaxSummaryExport" name="test_premium_user_can_export_tax_summary" time="19.786" /><testcase classname="backend.tests.test_tax_features.TestTaxSummaryExport" name="test_free_user_blocked_from_tax_summary" time="0.212" /><testcase classname="backend.tests.test_tax_features.TestAuthentication" name="test_form_8949_requires_auth" time="0.126" /><testcase classname="backend.tests.test_tax_features.TestAuthentication" name="test_save_categories_requires_auth" time="0.140" /><testcase classname="backend.tests.test_tax_features.TestAuthentication" name="test_get_categories_requires_auth" time="0.134" /><testcase classname="backend.tests.test_tax_phase3.TestSupportedTaxYears" name="test_supported_years_returns_valid_list" time="0.124" /><testcase classname="backend.tests.test_tax_phase3.TestSupportedTaxYears" name="test_supported_years_no_auth_required" time="0.107" /><testcase classname="backend.tests.test_tax_phase3.TestScheduleDExport" name="test_schedule_d_requires_auth" time="0.174" /><testcase classname="backend.tests.test_tax_phase3.TestScheduleDExport" name="test_schedule_d_free_user_blocked" time="0.243" /><testcase classname="backend.tests.test_tax_phase3.TestScheduleDExport" name="test_schedule_d_premium_text_format" time="12.627" /><testcase classname="backend.tests.test_tax_phase3.TestScheduleDExport" name="test_schedule_d_premium_csv_format" time="12.599" /><testcase classname="backend.tests.test_tax_phase3.TestScheduleDExport" name="test_schedule_d_validates_tax_year" time="0.248" /><testcase classname="backend.tests.test_tax_phase3.TestScheduleDExport" name="test_schedule_d_accepts_2020_year" time="21.302" /><testcase classname="backend.tests.test_tax_phase3.TestBatchCategorization" name="test_batch_categorize_requires_auth" time="0.251" /><testcase classname="backend.tests.test_tax_phase3.TestBatchCategorization" name="test_batch_categorize_free_user_blocked" time="0.236" /><testcase classname="backend.tests.test_tax_phase3.TestBatchCategorization" name="test_batch_categorize_premium_with_tx_type_rule" time="25.670" /><testcase classname="backend.tests.test_tax_phase3.TestBatchCategorization" name="test_batch_categorize_premium_with_address_rule" time="21.936" /><testcase classname="backend.tests.test_tax_phase3.TestBatchCategorization" name="test_batch_categorize_premium_with_amount_rule" time="14.078" /><testcase classname="backend.tests.test_tax_phase3.TestBatchCategorization" name="test_batch_categorize_multiple_rules" time="13.937" /><testcase classname="backend.tests.test_tax_phase3.TestAutoCategorization" name="test_auto_categorize_requires_auth" time="0.144" /><testcase classname="backend.tests.test_tax_phase3.TestAutoCategorization" name="test_auto_categorize_free_user_blocked" time="0.231" /><testcase classname="backend.tests.test_tax_phase3.TestAutoCategorization" name="test_auto_categorize_premium_without_known_addresses" time="13.119" /><testcase classname="backend.tests.test_tax_phase3.TestAutoCategorization" name="test_auto_categorize_premium_with_known_addresses" time="12.345" /><testcase classname="backend.tests.test_tax_phase3.TestAutoCategorization" name="test_auto_categorize_saves_categories" time="12.593" /><testcase classname="backend.tests.test_tax_phase3.TestBatchCategorizeSavesCategories" name="test_batch_categorize_saves_categories" time="12.507" /></testsuite></testsuites>