<?xml version="1.0" encoding="utf-8"?><testsuites name="pytest tests"><testsuite name="pytest" errors="0" failures="2" skipped="0" tests="17" time="18.203" timestamp="2026-03-18T21:43:55.578569+00:00" hostname="agent-env-7363538e-4b61-49a0-b5a1-0b3f6892d538"><testcase classname="backend.tests.test_mvp_features.TestAuthLogin" name="test_login_success" time="0.172" /><testcase classname="backend.tests.test_mvp_features.TestAuthLogin" name="test_login_invalid_password" time="0.119" /><testcase classname="backend.tests.test_mvp_features.TestAuthLogin" name="test_login_nonexistent_user" time="0.139" /><testcase classname="backend.tests.test_mvp_features.TestAuthLogin" name="test_login_invalid_email_format" time="0.121" /><testcase classname="backend.tests.test_mvp_features.TestPasswordReset" name="test_forgot_password_success" time="0.106" /><testcase classname="backend.tests.test_mvp_features.TestPasswordReset" name="test_forgot_password_nonexistent_email" time="0.124" /><testcase classname="backend.tests.test_mvp_features.TestPasswordReset" name="test_reset_password_invalid_token" time="0.108" /><testcase classname="backend.tests.test_mvp_features.TestAuthenticatedEndpoints" name="test_get_current_user" time="0.223" /><testcase classname="backend.tests.test_mvp_features.TestAuthenticatedEndpoints" name="test_get_current_user_without_token" time="0.113" /><testcase classname="backend.tests.test_mvp_features.TestWalletAnalysis" name="test_analyze_wallet_success" time="0.220"><failure message="AssertionError: Expected 200, got 500: Internal Server Error. BUG: datetime comparison error in check_usage_limit()&#10;assert 500 == 200&#10; +  where 500 = &lt;Response [500]&gt;.status_code">backend/tests/test_mvp_features.py:181: in test_analyze_wallet_success
    assert response.status_code == 200, f"Expected 200, got {response.status_code}: {response.text}. BUG: datetime comparison error in check_usage_limit()"
E   AssertionError: Expected 200, got 500: Internal Server Error. BUG: datetime comparison error in check_usage_limit()
E   assert 500 == 200
E    +  where 500 = &lt;Response [500]&gt;.status_code</failure></testcase><testcase classname="backend.tests.test_mvp_features.TestWalletAnalysis" name="test_analyze_wallet_invalid_address" time="0.238"><failure message="AssertionError: Expected 400 or 422, got 500: Internal Server Error. BUG: datetime comparison error in check_usage_limit()&#10;assert 500 in [400, 422]&#10; +  where 500 = &lt;Response [500]&gt;.status_code">backend/tests/test_mvp_features.py:204: in test_analyze_wallet_invalid_address
    assert response.status_code in [400, 422], f"Expected 400 or 422, got {response.status_code}: {response.text}. BUG: datetime comparison error in check_usage_limit()"
E   AssertionError: Expected 400 or 422, got 500: Internal Server Error. BUG: datetime comparison error in check_usage_limit()
E   assert 500 in [400, 422]
E    +  where 500 = &lt;Response [500]&gt;.status_code</failure></testcase><testcase classname="backend.tests.test_mvp_features.TestWalletAnalysis" name="test_analyze_wallet_without_auth" time="0.167" /><testcase classname="backend.tests.test_mvp_features.TestTaxExport" name="test_export_form_8949_endpoint_exists" time="15.733" /><testcase classname="backend.tests.test_mvp_features.TestTaxExport" name="test_export_form_8949_without_auth" time="0.194" /><testcase classname="backend.tests.test_mvp_features.TestUserRegistration" name="test_register_new_user" time="0.130" /><testcase classname="backend.tests.test_mvp_features.TestUserRegistration" name="test_register_duplicate_email" time="0.115" /><testcase classname="backend.tests.test_mvp_features.TestUserRegistration" name="test_register_weak_password" time="0.120" /></testsuite></testsuites>