<?xml version="1.0" encoding="utf-8"?><testsuites name="pytest tests"><testsuite name="pytest" errors="0" failures="2" skipped="0" tests="73" time="298.695" timestamp="2026-03-05T19:12:01.333835+00:00" hostname="agent-env-f75688be-0238-49bb-9382-a06e9b7f27d3"><testcase classname="test_affiliate.TestAffiliateValidation" name="test_validate_invalid_code" time="0.159" /><testcase classname="test_affiliate.TestAffiliateValidation" name="test_validate_short_code" time="0.125" /><testcase classname="test_affiliate.TestAffiliateValidation" name="test_validate_code_case_insensitive" time="0.211" /><testcase classname="test_affiliate.TestAffiliateRegistration" name="test_register_requires_auth" time="0.137" /><testcase classname="test_affiliate.TestAffiliateRegistration" name="test_register_affiliate_success" time="0.220" /><testcase classname="test_affiliate.TestAffiliateRegistration" name="test_register_duplicate_user" time="0.271" /><testcase classname="test_affiliate.TestAffiliateRegistration" name="test_register_code_too_short" time="0.208" /><testcase classname="test_affiliate.TestAffiliateRegistration" name="test_register_duplicate_code" time="0.317" /><testcase classname="test_affiliate.TestAffiliateDashboard" name="test_dashboard_requires_auth" time="0.118" /><testcase classname="test_affiliate.TestAffiliateDashboard" name="test_dashboard_non_affiliate_user" time="0.203" /><testcase classname="test_affiliate.TestAffiliateDashboard" name="test_dashboard_affiliate_user" time="0.362" /><testcase classname="test_affiliate.TestAffiliateCodeValidationAfterRegistration" name="test_validate_registered_code" time="0.329" /><testcase classname="test_affiliate.TestPaymentWithAffiliateCode" name="test_payment_request_accepts_affiliate_code" time="0.328" /><testcase classname="test_affiliate.TestPaymentWithAffiliateCode" name="test_user_cannot_use_own_code" time="0.278" /><testcase classname="test_affiliate.TestAffiliateCodeFormats" name="test_alphanumeric_code" time="0.196"><failure message="assert 400 == 200&#10; +  where 400 = &lt;Response [400]&gt;.status_code">test_affiliate.py:418: in test_alphanumeric_code
    assert response.status_code == 200
E   assert 400 == 200
E    +  where 400 = &lt;Response [400]&gt;.status_code</failure></testcase><testcase classname="test_affiliate.TestAffiliateCodeFormats" name="test_code_converted_to_uppercase" time="0.197"><failure message="assert 400 == 200&#10; +  where 400 = &lt;Response [400]&gt;.status_code">test_affiliate.py:444: in test_code_converted_to_uppercase
    assert response.status_code == 200
E   assert 400 == 200
E    +  where 400 = &lt;Response [400]&gt;.status_code</failure></testcase><testcase classname="test_exchange.TestExchangeSupportedEndpoint" name="test_get_supported_exchanges" time="0.141" /><testcase classname="test_exchange.TestExchangeSupportedEndpoint" name="test_supported_exchanges_structure" time="0.142" /><testcase classname="test_exchange.TestExchangeSupportedEndpoint" name="test_coinbase_exchange_details" time="0.119" /><testcase classname="test_exchange.TestExchangeSupportedEndpoint" name="test_binance_exchange_details" time="0.106" /><testcase classname="test_exchange.TestExchangeConnectEndpoint" name="test_connect_requires_authentication" time="0.127" /><testcase classname="test_exchange.TestExchangeConnectEndpoint" name="test_free_user_cannot_connect_exchange" time="0.233" /><testcase classname="test_exchange.TestExchangeConnectEndpoint" name="test_connect_coinbase_requires_access_token" time="0.182" /><testcase classname="test_exchange.TestExchangeConnectEndpoint" name="test_connect_binance_requires_api_credentials" time="0.275" /><testcase classname="test_exchange.TestExchangeConnectEndpoint" name="test_connect_unsupported_exchange" time="0.231" /><testcase classname="test_exchange.TestExchangeConnectedEndpoint" name="test_connected_requires_authentication" time="0.130" /><testcase classname="test_exchange.TestExchangeConnectedEndpoint" name="test_get_connected_exchanges_empty" time="0.227" /><testcase classname="test_exchange.TestExchangeDisconnectEndpoint" name="test_disconnect_requires_authentication" time="0.123" /><testcase classname="test_exchange.TestExchangeDisconnectEndpoint" name="test_disconnect_not_connected_exchange" time="0.213" /><testcase classname="test_exchange.TestExchangeSyncEndpoint" name="test_sync_requires_authentication" time="0.110" /><testcase classname="test_exchange.TestExchangeSyncEndpoint" name="test_free_user_cannot_sync" time="0.198" /><testcase classname="test_exchange.TestExchangeSyncEndpoint" name="test_sync_not_connected_exchange" time="0.196" /><testcase classname="test_exchange.TestExchangeTransactionsEndpoint" name="test_transactions_requires_authentication" time="0.104" /><testcase classname="test_exchange.TestExchangeTransactionsEndpoint" name="test_free_user_cannot_get_transactions" time="0.216" /><testcase classname="test_exchange.TestExchangeTransactionsEndpoint" name="test_get_transactions_empty" time="0.224" /><testcase classname="test_exchange.TestExchangeTransactionsEndpoint" name="test_transactions_supports_filters" time="0.258" /><testcase classname="test_exchange.TestExchangeIntegrationFlow" name="test_full_flow_free_user_blocked" time="0.389" /><testcase classname="test_tax_features.TestTaxDataInWalletAnalysis" name="test_premium_user_gets_tax_data" time="12.580" /><testcase classname="test_tax_features.TestTaxDataInWalletAnalysis" name="test_tax_summary_structure" time="13.661" /><testcase classname="test_tax_features.TestTaxDataInWalletAnalysis" name="test_free_user_no_tax_data" time="22.305" /><testcase classname="test_tax_features.TestForm8949Export" name="test_form_8949_returns_400_when_no_realized_gains" time="19.637" /><testcase classname="test_tax_features.TestForm8949Export" name="test_form_8949_endpoint_validates_request" time="14.518" /><testcase classname="test_tax_features.TestForm8949Export" name="test_form_8949_accepts_filter_types" time="42.287" /><testcase classname="test_tax_features.TestForm8949Export" name="test_free_user_blocked_from_form_8949" time="0.267" /><testcase classname="test_tax_features.TestTransactionCategories" name="test_save_categories_premium_user" time="0.198" /><testcase classname="test_tax_features.TestTransactionCategories" name="test_get_categories_premium_user" time="0.289" /><testcase classname="test_tax_features.TestTransactionCategories" name="test_categories_persisted_correctly" time="0.301" /><testcase classname="test_tax_features.TestTransactionCategories" name="test_free_user_blocked_from_save_categories" time="0.194" /><testcase classname="test_tax_features.TestTaxSummaryExport" name="test_premium_user_can_export_tax_summary" time="14.114" /><testcase classname="test_tax_features.TestTaxSummaryExport" name="test_free_user_blocked_from_tax_summary" time="0.236" /><testcase classname="test_tax_features.TestAuthentication" name="test_form_8949_requires_auth" time="0.115" /><testcase classname="test_tax_features.TestAuthentication" name="test_save_categories_requires_auth" time="0.124" /><testcase classname="test_tax_features.TestAuthentication" name="test_get_categories_requires_auth" time="0.116" /><testcase classname="test_tax_phase3.TestSupportedTaxYears" name="test_supported_years_returns_valid_list" time="0.112" /><testcase classname="test_tax_phase3.TestSupportedTaxYears" name="test_supported_years_no_auth_required" time="0.135" /><testcase classname="test_tax_phase3.TestScheduleDExport" name="test_schedule_d_requires_auth" time="0.112" /><testcase classname="test_tax_phase3.TestScheduleDExport" name="test_schedule_d_free_user_blocked" time="0.242" /><testcase classname="test_tax_phase3.TestScheduleDExport" name="test_schedule_d_premium_text_format" time="14.213" /><testcase classname="test_tax_phase3.TestScheduleDExport" name="test_schedule_d_premium_csv_format" time="14.101" /><testcase classname="test_tax_phase3.TestScheduleDExport" name="test_schedule_d_validates_tax_year" time="0.371" /><testcase classname="test_tax_phase3.TestScheduleDExport" name="test_schedule_d_accepts_2020_year" time="14.293" /><testcase classname="test_tax_phase3.TestBatchCategorization" name="test_batch_categorize_requires_auth" time="0.198" /><testcase classname="test_tax_phase3.TestBatchCategorization" name="test_batch_categorize_free_user_blocked" time="0.191" /><testcase classname="test_tax_phase3.TestBatchCategorization" name="test_batch_categorize_premium_with_tx_type_rule" time="14.307" /><testcase classname="test_tax_phase3.TestBatchCategorization" name="test_batch_categorize_premium_with_address_rule" time="13.987" /><testcase classname="test_tax_phase3.TestBatchCategorization" name="test_batch_categorize_premium_with_amount_rule" time="12.421" /><testcase classname="test_tax_phase3.TestBatchCategorization" name="test_batch_categorize_multiple_rules" time="12.422" /><testcase classname="test_tax_phase3.TestAutoCategorization" name="test_auto_categorize_requires_auth" time="0.143" /><testcase classname="test_tax_phase3.TestAutoCategorization" name="test_auto_categorize_free_user_blocked" time="0.181" /><testcase classname="test_tax_phase3.TestAutoCategorization" name="test_auto_categorize_premium_without_known_addresses" time="12.470" /><testcase classname="test_tax_phase3.TestAutoCategorization" name="test_auto_categorize_premium_with_known_addresses" time="12.579" /><testcase classname="test_tax_phase3.TestAutoCategorization" name="test_auto_categorize_saves_categories" time="13.403" /><testcase classname="test_tax_phase3.TestBatchCategorizeSavesCategories" name="test_batch_categorize_saves_categories" time="14.143" /></testsuite></testsuites>