<?xml version="1.0" encoding="utf-8"?><testsuites name="pytest tests"><testsuite name="pytest" errors="0" failures="0" skipped="0" tests="17" time="33.021" timestamp="2026-03-18T21:47:22.764949+00:00" hostname="agent-env-7363538e-4b61-49a0-b5a1-0b3f6892d538"><testcase classname="backend.tests.test_mvp_features.TestAuthLogin" name="test_login_success" time="0.174" /><testcase classname="backend.tests.test_mvp_features.TestAuthLogin" name="test_login_invalid_password" time="0.167" /><testcase classname="backend.tests.test_mvp_features.TestAuthLogin" name="test_login_nonexistent_user" time="0.128" /><testcase classname="backend.tests.test_mvp_features.TestAuthLogin" name="test_login_invalid_email_format" time="0.113" /><testcase classname="backend.tests.test_mvp_features.TestPasswordReset" name="test_forgot_password_success" time="0.137" /><testcase classname="backend.tests.test_mvp_features.TestPasswordReset" name="test_forgot_password_nonexistent_email" time="0.124" /><testcase classname="backend.tests.test_mvp_features.TestPasswordReset" name="test_reset_password_invalid_token" time="0.109" /><testcase classname="backend.tests.test_mvp_features.TestAuthenticatedEndpoints" name="test_get_current_user" time="0.228" /><testcase classname="backend.tests.test_mvp_features.TestAuthenticatedEndpoints" name="test_get_current_user_without_token" time="0.187" /><testcase classname="backend.tests.test_mvp_features.TestWalletAnalysis" name="test_analyze_wallet_success" time="15.240" /><testcase classname="backend.tests.test_mvp_features.TestWalletAnalysis" name="test_analyze_wallet_invalid_address" time="0.435" /><testcase classname="backend.tests.test_mvp_features.TestWalletAnalysis" name="test_analyze_wallet_without_auth" time="0.160" /><testcase classname="backend.tests.test_mvp_features.TestTaxExport" name="test_export_form_8949_endpoint_exists" time="14.967" /><testcase classname="backend.tests.test_mvp_features.TestTaxExport" name="test_export_form_8949_without_auth" time="0.302" /><testcase classname="backend.tests.test_mvp_features.TestUserRegistration" name="test_register_new_user" time="0.206" /><testcase classname="backend.tests.test_mvp_features.TestUserRegistration" name="test_register_duplicate_email" time="0.153" /><testcase classname="backend.tests.test_mvp_features.TestUserRegistration" name="test_register_weak_password" time="0.167" /></testsuite></testsuites>