<?xml version="1.0" encoding="utf-8"?><testsuites name="pytest tests"><testsuite name="pytest" errors="0" failures="0" skipped="0" tests="16" time="153.821" timestamp="2026-02-28T16:35:48.178823+00:00" hostname="agent-env-b0217883-7dd8-400b-8466-f1ccebc62404"><testcase classname="backend.tests.test_tax_features.TestTaxDataInWalletAnalysis" name="test_premium_user_gets_tax_data" time="12.769" /><testcase classname="backend.tests.test_tax_features.TestTaxDataInWalletAnalysis" name="test_tax_summary_structure" time="12.542" /><testcase classname="backend.tests.test_tax_features.TestTaxDataInWalletAnalysis" name="test_free_user_no_tax_data" time="12.452" /><testcase classname="backend.tests.test_tax_features.TestForm8949Export" name="test_form_8949_returns_400_when_no_realized_gains" time="12.280" /><testcase classname="backend.tests.test_tax_features.TestForm8949Export" name="test_form_8949_endpoint_validates_request" time="12.431" /><testcase classname="backend.tests.test_tax_features.TestForm8949Export" name="test_form_8949_accepts_filter_types" time="77.306" /><testcase classname="backend.tests.test_tax_features.TestForm8949Export" name="test_free_user_blocked_from_form_8949" time="0.269" /><testcase classname="backend.tests.test_tax_features.TestTransactionCategories" name="test_save_categories_premium_user" time="0.174" /><testcase classname="backend.tests.test_tax_features.TestTransactionCategories" name="test_get_categories_premium_user" time="0.219" /><testcase classname="backend.tests.test_tax_features.TestTransactionCategories" name="test_categories_persisted_correctly" time="0.227" /><testcase classname="backend.tests.test_tax_features.TestTransactionCategories" name="test_free_user_blocked_from_save_categories" time="0.181" /><testcase classname="backend.tests.test_tax_features.TestTaxSummaryExport" name="test_premium_user_can_export_tax_summary" time="12.401" /><testcase classname="backend.tests.test_tax_features.TestTaxSummaryExport" name="test_free_user_blocked_from_tax_summary" time="0.208" /><testcase classname="backend.tests.test_tax_features.TestAuthentication" name="test_form_8949_requires_auth" time="0.107" /><testcase classname="backend.tests.test_tax_features.TestAuthentication" name="test_save_categories_requires_auth" time="0.109" /><testcase classname="backend.tests.test_tax_features.TestAuthentication" name="test_get_categories_requires_auth" time="0.100" /></testsuite></testsuites>