<?xml version="1.0" encoding="utf-8"?><testsuites name="pytest tests"><testsuite name="pytest" errors="0" failures="3" skipped="0" tests="16" time="102.928" timestamp="2026-02-28T16:33:22.986922+00:00" hostname="agent-env-b0217883-7dd8-400b-8466-f1ccebc62404"><testcase classname="backend.tests.test_tax_features.TestTaxDataInWalletAnalysis" name="test_premium_user_gets_tax_data" time="12.829" /><testcase classname="backend.tests.test_tax_features.TestTaxDataInWalletAnalysis" name="test_tax_summary_structure" time="13.647" /><testcase classname="backend.tests.test_tax_features.TestTaxDataInWalletAnalysis" name="test_free_user_no_tax_data" time="12.444" /><testcase classname="backend.tests.test_tax_features.TestForm8949Export" name="test_premium_user_can_export_form_8949" time="24.878"><failure message="AssertionError: Expected 200, got 400: {&quot;detail&quot;:&quot;No tax data available. Analyze the wallet first to generate tax information.&quot;}&#10;assert 400 == 200&#10; +  where 400 = &lt;Response [400]&gt;.status_code">backend/tests/test_tax_features.py:110: in test_premium_user_can_export_form_8949
    assert response.status_code == 200, f"Expected 200, got {response.status_code}: {response.text}"
E   AssertionError: Expected 200, got 400: {"detail":"No tax data available. Analyze the wallet first to generate tax information."}
E   assert 400 == 200
E    +  where 400 = &lt;Response [400]&gt;.status_code</failure></testcase><testcase classname="backend.tests.test_tax_features.TestForm8949Export" name="test_form_8949_short_term_filter" time="12.419"><failure message="assert 400 == 200&#10; +  where 400 = &lt;Response [400]&gt;.status_code">backend/tests/test_tax_features.py:133: in test_form_8949_short_term_filter
    assert response.status_code == 200
E   assert 400 == 200
E    +  where 400 = &lt;Response [400]&gt;.status_code</failure></testcase><testcase classname="backend.tests.test_tax_features.TestForm8949Export" name="test_form_8949_long_term_filter" time="12.655"><failure message="assert 400 == 200&#10; +  where 400 = &lt;Response [400]&gt;.status_code">backend/tests/test_tax_features.py:148: in test_form_8949_long_term_filter
    assert response.status_code == 200
E   assert 400 == 200
E    +  where 400 = &lt;Response [400]&gt;.status_code</failure></testcase><testcase classname="backend.tests.test_tax_features.TestForm8949Export" name="test_free_user_blocked_from_form_8949" time="0.199" /><testcase classname="backend.tests.test_tax_features.TestTransactionCategories" name="test_save_categories_premium_user" time="0.178" /><testcase classname="backend.tests.test_tax_features.TestTransactionCategories" name="test_get_categories_premium_user" time="0.275" /><testcase classname="backend.tests.test_tax_features.TestTransactionCategories" name="test_categories_persisted_correctly" time="0.228" /><testcase classname="backend.tests.test_tax_features.TestTransactionCategories" name="test_free_user_blocked_from_save_categories" time="0.189" /><testcase classname="backend.tests.test_tax_features.TestTaxSummaryExport" name="test_premium_user_can_export_tax_summary" time="12.376" /><testcase classname="backend.tests.test_tax_features.TestTaxSummaryExport" name="test_free_user_blocked_from_tax_summary" time="0.201" /><testcase classname="backend.tests.test_tax_features.TestAuthentication" name="test_form_8949_requires_auth" time="0.106" /><testcase classname="backend.tests.test_tax_features.TestAuthentication" name="test_save_categories_requires_auth" time="0.117" /><testcase classname="backend.tests.test_tax_features.TestAuthentication" name="test_get_categories_requires_auth" time="0.111" /></testsuite></testsuites>