<?xml version="1.0" encoding="utf-8"?><testsuites name="pytest tests"><testsuite name="pytest" errors="0" failures="2" skipped="0" tests="135" time="391.476" timestamp="2026-03-06T18:57:05.130829+00:00" hostname="agent-env-4ccffb03-75d3-434d-8a7a-f0e5c1524492"><testcase classname="tests.test_affiliate.TestAffiliateValidation" name="test_validate_invalid_code" time="0.164" /><testcase classname="tests.test_affiliate.TestAffiliateValidation" name="test_validate_short_code" time="0.118" /><testcase classname="tests.test_affiliate.TestAffiliateValidation" name="test_validate_code_case_insensitive" time="0.170" /><testcase classname="tests.test_affiliate.TestAffiliateRegistration" name="test_register_requires_auth" time="0.125" /><testcase classname="tests.test_affiliate.TestAffiliateRegistration" name="test_register_affiliate_success" time="0.191" /><testcase classname="tests.test_affiliate.TestAffiliateRegistration" name="test_register_duplicate_user" time="0.264" /><testcase classname="tests.test_affiliate.TestAffiliateRegistration" name="test_register_code_too_short" time="0.219" /><testcase classname="tests.test_affiliate.TestAffiliateRegistration" name="test_register_duplicate_code" time="0.342" /><testcase classname="tests.test_affiliate.TestAffiliateDashboard" name="test_dashboard_requires_auth" time="0.107" /><testcase classname="tests.test_affiliate.TestAffiliateDashboard" name="test_dashboard_non_affiliate_user" time="0.196" /><testcase classname="tests.test_affiliate.TestAffiliateDashboard" name="test_dashboard_affiliate_user" time="0.283" /><testcase classname="tests.test_affiliate.TestAffiliateCodeValidationAfterRegistration" name="test_validate_registered_code" time="0.297" /><testcase classname="tests.test_affiliate.TestPaymentWithAffiliateCode" name="test_payment_request_accepts_affiliate_code" time="0.436" /><testcase classname="tests.test_affiliate.TestPaymentWithAffiliateCode" name="test_user_cannot_use_own_code" time="0.313" /><testcase classname="tests.test_affiliate.TestAffiliateCodeFormats" name="test_alphanumeric_code" time="0.210"><failure message="assert 400 == 200&#10; +  where 400 = &lt;Response [400]&gt;.status_code">tests/test_affiliate.py:418: in test_alphanumeric_code
    assert response.status_code == 200
E   assert 400 == 200
E    +  where 400 = &lt;Response [400]&gt;.status_code</failure></testcase><testcase classname="tests.test_affiliate.TestAffiliateCodeFormats" name="test_code_converted_to_uppercase" time="0.205"><failure message="assert 400 == 200&#10; +  where 400 = &lt;Response [400]&gt;.status_code">tests/test_affiliate.py:444: in test_code_converted_to_uppercase
    assert response.status_code == 200
E   assert 400 == 200
E    +  where 400 = &lt;Response [400]&gt;.status_code</failure></testcase><testcase classname="tests.test_csv_parser.TestCsvParserCoinbaseFormatDetection" name="test_detect_classic_coinbase_format" time="0.000" /><testcase classname="tests.test_csv_parser.TestCsvParserCoinbaseFormatDetection" name="test_detect_modern_coinbase_format_alt1" time="0.000" /><testcase classname="tests.test_csv_parser.TestCsvParserCoinbaseFormatDetection" name="test_detect_modern_coinbase_format_with_datetime" time="0.000" /><testcase classname="tests.test_csv_parser.TestCsvParserCoinbaseFormatDetection" name="test_detect_coinbase_heuristic" time="0.000" /><testcase classname="tests.test_csv_parser.TestCsvParserCoinbaseClassicParsing" name="test_parse_classic_coinbase_buy" time="0.001" /><testcase classname="tests.test_csv_parser.TestCsvParserCoinbaseClassicParsing" name="test_parse_classic_coinbase_sell" time="0.000" /><testcase classname="tests.test_csv_parser.TestCsvParserCoinbaseClassicParsing" name="test_parse_classic_coinbase_multiple_transactions" time="0.000" /><testcase classname="tests.test_csv_parser.TestCsvParserCoinbaseModernParsing" name="test_parse_modern_coinbase_buy_crypto" time="0.000" /><testcase classname="tests.test_csv_parser.TestCsvParserCoinbaseModernParsing" name="test_parse_modern_coinbase_sell_crypto" time="0.000" /><testcase classname="tests.test_csv_parser.TestCsvParserCoinbaseModernParsing" name="test_parse_modern_coinbase_with_quantity_suffix" time="0.000" /><testcase classname="tests.test_csv_parser.TestCsvParserCoinbaseModernParsing" name="test_parse_modern_coinbase_stablecoin_handling" time="0.000" /><testcase classname="tests.test_csv_parser.TestCsvParserBuySellLogic" name="test_buy_crypto_with_fiat" time="0.000" /><testcase classname="tests.test_csv_parser.TestCsvParserBuySellLogic" name="test_sell_crypto_for_fiat" time="0.000" /><testcase classname="tests.test_csv_parser.TestCsvParserAPIEndpoints" name="test_supported_exchanges_has_accepted_columns" time="0.109" /><testcase classname="tests.test_csv_parser.TestCsvParserAPIEndpoints" name="test_coinbase_accepted_columns_shows_formats" time="0.134" /><testcase classname="tests.test_csv_parser.TestCsvParserAPIEndpoints" name="test_export_instructions_has_accepted_columns" time="0.130" /><testcase classname="tests.test_csv_parser.TestCsvParserAPIEndpoints" name="test_all_exchanges_have_accepted_columns_in_instructions" time="0.456" /><testcase classname="tests.test_csv_parser.TestCsvParserEdgeCases" name="test_empty_csv_raises_error" time="0.000" /><testcase classname="tests.test_csv_parser.TestCsvParserEdgeCases" name="test_unknown_format_raises_error" time="0.000" /><testcase classname="tests.test_csv_parser.TestCsvParserEdgeCases" name="test_parse_handles_missing_values" time="0.001" /><testcase classname="tests.test_csv_parser.TestCsvParserEdgeCases" name="test_parse_handles_various_timestamp_formats" time="0.018" /><testcase classname="tests.test_exchange.TestExchangeSupportedEndpoint" name="test_get_supported_exchanges" time="0.128" /><testcase classname="tests.test_exchange.TestExchangeSupportedEndpoint" name="test_supported_exchanges_structure" time="0.106" /><testcase classname="tests.test_exchange.TestExchangeSupportedEndpoint" name="test_coinbase_exchange_details" time="0.120" /><testcase classname="tests.test_exchange.TestExchangeExportInstructionsEndpoint" name="test_get_coinbase_instructions" time="0.121" /><testcase classname="tests.test_exchange.TestExchangeExportInstructionsEndpoint" name="test_get_binance_instructions" time="0.182" /><testcase classname="tests.test_exchange.TestExchangeExportInstructionsEndpoint" name="test_get_kraken_instructions" time="0.121" /><testcase classname="tests.test_exchange.TestExchangeExportInstructionsEndpoint" name="test_get_instructions_includes_notes" time="0.134" /><testcase classname="tests.test_exchange.TestExchangeExportInstructionsEndpoint" name="test_invalid_exchange_returns_404" time="0.130" /><testcase classname="tests.test_exchange.TestExchangeImportCSVEndpoint" name="test_import_requires_authentication" time="0.111" /><testcase classname="tests.test_exchange.TestExchangeImportCSVEndpoint" name="test_free_user_cannot_import_csv" time="0.297" /><testcase classname="tests.test_exchange.TestExchangeImportCSVEndpoint" name="test_import_requires_csv_file" time="0.273" /><testcase classname="tests.test_exchange.TestExchangeTransactionsEndpoint" name="test_transactions_requires_authentication" time="0.108" /><testcase classname="tests.test_exchange.TestExchangeTransactionsEndpoint" name="test_free_user_cannot_get_transactions" time="0.196" /><testcase classname="tests.test_exchange.TestExchangeTransactionsEndpoint" name="test_get_transactions_returns_structure" time="0.225" /><testcase classname="tests.test_exchange.TestExchangeTransactionsEndpoint" name="test_transactions_supports_filters" time="0.326" /><testcase classname="tests.test_exchange.TestExchangeDeleteTransactionsEndpoint" name="test_delete_requires_authentication" time="0.166" /><testcase classname="tests.test_exchange.TestExchangeDeleteTransactionsEndpoint" name="test_delete_returns_count" time="0.185" /><testcase classname="tests.test_exchange.TestExchangeDeleteTransactionsEndpoint" name="test_delete_with_exchange_filter" time="0.185" /><testcase classname="tests.test_exchange.TestExchangeIntegrationFlow" name="test_full_flow_free_user_blocked" time="0.467" /><testcase classname="tests.test_exchange.TestExchangeIntegrationFlow" name="test_all_six_exchanges_have_instructions" time="0.445" /><testcase classname="tests.test_exchange_tax.TestExchangeTaxCalculateEndpoint" name="test_calculate_requires_authentication" time="0.115" /><testcase classname="tests.test_exchange_tax.TestExchangeTaxCalculateEndpoint" name="test_free_user_gets_403" time="0.188" /><testcase classname="tests.test_exchange_tax.TestExchangeTaxCalculateEndpoint" name="test_unlimited_user_can_calculate" time="0.183" /><testcase classname="tests.test_exchange_tax.TestExchangeTaxCalculateEndpoint" name="test_calculate_returns_correct_structure" time="0.174" /><testcase classname="tests.test_exchange_tax.TestExchangeTaxCalculateEndpoint" name="test_calculate_with_year_filter" time="0.208" /><testcase classname="tests.test_exchange_tax.TestExchangeTaxCalculateEndpoint" name="test_calculate_with_asset_filter" time="0.186" /><testcase classname="tests.test_exchange_tax.TestExchangeTaxCalculateEndpoint" name="test_calculate_with_both_filters" time="0.187" /><testcase classname="tests.test_exchange_tax.TestExchangeTaxCalculateEndpoint" name="test_summary_has_expected_fields" time="0.200" /><testcase classname="tests.test_exchange_tax.TestExchangeForm8949Endpoint" name="test_form8949_requires_authentication" time="0.144" /><testcase classname="tests.test_exchange_tax.TestExchangeForm8949Endpoint" name="test_free_user_gets_403" time="0.188" /><testcase classname="tests.test_exchange_tax.TestExchangeForm8949Endpoint" name="test_unlimited_user_can_access" time="0.200" /><testcase classname="tests.test_exchange_tax.TestExchangeForm8949Endpoint" name="test_returns_correct_structure" time="0.199" /><testcase classname="tests.test_exchange_tax.TestExchangeForm8949Endpoint" name="test_with_year_filter" time="0.199" /><testcase classname="tests.test_exchange_tax.TestExchangeForm8949Endpoint" name="test_with_holding_period_filter_short" time="0.213" /><testcase classname="tests.test_exchange_tax.TestExchangeForm8949Endpoint" name="test_with_holding_period_filter_long" time="0.187" /><testcase classname="tests.test_exchange_tax.TestExchangeForm8949Endpoint" name="test_with_all_filters" time="0.183" /><testcase classname="tests.test_exchange_tax.TestExchangeForm8949CSVEndpoint" name="test_csv_requires_authentication" time="0.163" /><testcase classname="tests.test_exchange_tax.TestExchangeForm8949CSVEndpoint" name="test_free_user_gets_403" time="0.203" /><testcase classname="tests.test_exchange_tax.TestExchangeForm8949CSVEndpoint" name="test_unlimited_user_access" time="0.192" /><testcase classname="tests.test_exchange_tax.TestExchangeForm8949CSVEndpoint" name="test_csv_with_year_filter" time="0.213" /><testcase classname="tests.test_exchange_tax.TestExchangeForm8949CSVEndpoint" name="test_csv_with_holding_period_filter" time="0.183" /><testcase classname="tests.test_exchange_tax.TestExchangeTaxIntegration" name="test_free_user_blocked_all_tax_endpoints" time="0.316" /><testcase classname="tests.test_exchange_tax.TestExchangeTaxIntegration" name="test_unlimited_user_full_flow" time="0.248" /><testcase classname="tests.test_exchange_tax.TestExchangeTaxIntegration" name="test_tax_data_consistent_between_endpoints" time="0.271" /><testcase classname="tests.test_tax_features.TestTaxDataInWalletAnalysis" name="test_premium_user_gets_tax_data" time="13.273" /><testcase classname="tests.test_tax_features.TestTaxDataInWalletAnalysis" name="test_tax_summary_structure" time="24.160" /><testcase classname="tests.test_tax_features.TestTaxDataInWalletAnalysis" name="test_free_user_no_tax_data" time="15.011" /><testcase classname="tests.test_tax_features.TestForm8949Export" name="test_form_8949_returns_400_when_no_realized_gains" time="15.755" /><testcase classname="tests.test_tax_features.TestForm8949Export" name="test_form_8949_endpoint_validates_request" time="14.747" /><testcase classname="tests.test_tax_features.TestForm8949Export" name="test_form_8949_accepts_filter_types" time="88.118" /><testcase classname="tests.test_tax_features.TestForm8949Export" name="test_free_user_blocked_from_form_8949" time="0.269" /><testcase classname="tests.test_tax_features.TestTransactionCategories" name="test_save_categories_premium_user" time="0.210" /><testcase classname="tests.test_tax_features.TestTransactionCategories" name="test_get_categories_premium_user" time="0.255" /><testcase classname="tests.test_tax_features.TestTransactionCategories" name="test_categories_persisted_correctly" time="0.248" /><testcase classname="tests.test_tax_features.TestTransactionCategories" name="test_free_user_blocked_from_save_categories" time="0.237" /><testcase classname="tests.test_tax_features.TestTaxSummaryExport" name="test_premium_user_can_export_tax_summary" time="14.715" /><testcase classname="tests.test_tax_features.TestTaxSummaryExport" name="test_free_user_blocked_from_tax_summary" time="0.220" /><testcase classname="tests.test_tax_features.TestAuthentication" name="test_form_8949_requires_auth" time="0.127" /><testcase classname="tests.test_tax_features.TestAuthentication" name="test_save_categories_requires_auth" time="0.131" /><testcase classname="tests.test_tax_features.TestAuthentication" name="test_get_categories_requires_auth" time="0.122" /><testcase classname="tests.test_tax_phase3.TestSupportedTaxYears" name="test_supported_years_returns_valid_list" time="0.129" /><testcase classname="tests.test_tax_phase3.TestSupportedTaxYears" name="test_supported_years_no_auth_required" time="0.126" /><testcase classname="tests.test_tax_phase3.TestScheduleDExport" name="test_schedule_d_requires_auth" time="0.109" /><testcase classname="tests.test_tax_phase3.TestScheduleDExport" name="test_schedule_d_free_user_blocked" time="0.212" /><testcase classname="tests.test_tax_phase3.TestScheduleDExport" name="test_schedule_d_premium_text_format" time="13.559" /><testcase classname="tests.test_tax_phase3.TestScheduleDExport" name="test_schedule_d_premium_csv_format" time="12.884" /><testcase classname="tests.test_tax_phase3.TestScheduleDExport" name="test_schedule_d_validates_tax_year" time="0.333" /><testcase classname="tests.test_tax_phase3.TestScheduleDExport" name="test_schedule_d_accepts_2020_year" time="12.916" /><testcase classname="tests.test_tax_phase3.TestBatchCategorization" name="test_batch_categorize_requires_auth" time="0.127" /><testcase classname="tests.test_tax_phase3.TestBatchCategorization" name="test_batch_categorize_free_user_blocked" time="0.191" /><testcase classname="tests.test_tax_phase3.TestBatchCategorization" name="test_batch_categorize_premium_with_tx_type_rule" time="12.765" /><testcase classname="tests.test_tax_phase3.TestBatchCategorization" name="test_batch_categorize_premium_with_address_rule" time="12.884" /><testcase classname="tests.test_tax_phase3.TestBatchCategorization" name="test_batch_categorize_premium_with_amount_rule" time="12.789" /><testcase classname="tests.test_tax_phase3.TestBatchCategorization" name="test_batch_categorize_multiple_rules" time="12.812" /><testcase classname="tests.test_tax_phase3.TestAutoCategorization" name="test_auto_categorize_requires_auth" time="0.170" /><testcase classname="tests.test_tax_phase3.TestAutoCategorization" name="test_auto_categorize_free_user_blocked" time="0.215" /><testcase classname="tests.test_tax_phase3.TestAutoCategorization" name="test_auto_categorize_premium_without_known_addresses" time="42.398" /><testcase classname="tests.test_tax_phase3.TestAutoCategorization" name="test_auto_categorize_premium_with_known_addresses" time="14.775" /><testcase classname="tests.test_tax_phase3.TestAutoCategorization" name="test_auto_categorize_saves_categories" time="15.074" /><testcase classname="tests.test_tax_phase3.TestBatchCategorizeSavesCategories" name="test_batch_categorize_saves_categories" time="14.760" /><testcase classname="tests.test_unified_tax.TestUnifiedTaxEndpoints" name="test_unified_tax_requires_auth" time="0.287" /><testcase classname="tests.test_unified_tax.TestUnifiedTaxEndpoints" name="test_unified_tax_free_user_blocked" time="0.281" /><testcase classname="tests.test_unified_tax.TestUnifiedTaxEndpoints" name="test_unified_tax_premium_user_success" time="0.770" /><testcase classname="tests.test_unified_tax.TestUnifiedTaxEndpoints" name="test_unified_tax_response_structure" time="0.692" /><testcase classname="tests.test_unified_tax.TestUnifiedTaxEndpoints" name="test_unified_tax_with_tax_year_filter" time="0.680" /><testcase classname="tests.test_unified_tax.TestUnifiedTaxEndpoints" name="test_unified_tax_with_asset_filter" time="0.770" /><testcase classname="tests.test_unified_tax.TestUnifiedTaxEndpoints" name="test_unified_tax_different_chains" time="2.611" /><testcase classname="tests.test_unified_tax.TestUnifiedTaxEndpoints" name="test_unified_tax_without_exchanges" time="0.746" /><testcase classname="tests.test_unified_tax.TestUnifiedTaxEndpoints" name="test_unified_assets_requires_auth" time="0.299" /><testcase classname="tests.test_unified_tax.TestUnifiedTaxEndpoints" name="test_unified_assets_free_user_blocked" time="0.302" /><testcase classname="tests.test_unified_tax.TestUnifiedTaxEndpoints" name="test_unified_assets_premium_user_success" time="0.268" /><testcase classname="tests.test_unified_tax.TestUnifiedTaxEndpoints" name="test_unified_assets_response_structure" time="0.279" /><testcase classname="tests.test_unified_tax.TestUnifiedTaxServiceLogic" name="test_fifo_method_is_used" time="0.632" /><testcase classname="tests.test_unified_tax.TestUnifiedTaxServiceLogic" name="test_summary_calculations" time="1.348" /><testcase classname="tests.test_unified_tax.TestUnifiedTaxServiceLogic" name="test_unrealized_gains_structure" time="0.603" /><testcase classname="tests.test_unified_tax.TestUnifiedTaxInputValidation" name="test_unified_tax_empty_address" time="0.222" /><testcase classname="tests.test_unified_tax.TestUnifiedTaxInputValidation" name="test_unified_tax_invalid_chain" time="0.195" /><testcase classname="tests.test_unified_tax.TestUnifiedTaxInputValidation" name="test_unified_tax_missing_address" time="0.205" /></testsuite></testsuites>