<?xml version="1.0" encoding="utf-8"?><testsuites name="pytest tests"><testsuite name="pytest" errors="0" failures="0" skipped="0" tests="36" time="281.741" timestamp="2026-02-28T17:22:29.512139+00:00" hostname="agent-env-b0217883-7dd8-400b-8466-f1ccebc62404"><testcase classname="backend.tests.test_tax_features.TestTaxDataInWalletAnalysis" name="test_premium_user_gets_tax_data" time="12.614" /><testcase classname="backend.tests.test_tax_features.TestTaxDataInWalletAnalysis" name="test_tax_summary_structure" time="14.122" /><testcase classname="backend.tests.test_tax_features.TestTaxDataInWalletAnalysis" name="test_free_user_no_tax_data" time="14.091" /><testcase classname="backend.tests.test_tax_features.TestForm8949Export" name="test_form_8949_returns_400_when_no_realized_gains" time="12.414" /><testcase classname="backend.tests.test_tax_features.TestForm8949Export" name="test_form_8949_endpoint_validates_request" time="12.469" /><testcase classname="backend.tests.test_tax_features.TestForm8949Export" name="test_form_8949_accepts_filter_types" time="38.262" /><testcase classname="backend.tests.test_tax_features.TestForm8949Export" name="test_free_user_blocked_from_form_8949" time="0.223" /><testcase classname="backend.tests.test_tax_features.TestTransactionCategories" name="test_save_categories_premium_user" time="0.188" /><testcase classname="backend.tests.test_tax_features.TestTransactionCategories" name="test_get_categories_premium_user" time="0.242" /><testcase classname="backend.tests.test_tax_features.TestTransactionCategories" name="test_categories_persisted_correctly" time="0.228" /><testcase classname="backend.tests.test_tax_features.TestTransactionCategories" name="test_free_user_blocked_from_save_categories" time="0.190" /><testcase classname="backend.tests.test_tax_features.TestTaxSummaryExport" name="test_premium_user_can_export_tax_summary" time="24.711" /><testcase classname="backend.tests.test_tax_features.TestTaxSummaryExport" name="test_free_user_blocked_from_tax_summary" time="0.208" /><testcase classname="backend.tests.test_tax_features.TestAuthentication" name="test_form_8949_requires_auth" time="0.149" /><testcase classname="backend.tests.test_tax_features.TestAuthentication" name="test_save_categories_requires_auth" time="0.110" /><testcase classname="backend.tests.test_tax_features.TestAuthentication" name="test_get_categories_requires_auth" time="0.145" /><testcase classname="backend.tests.test_tax_phase3.TestSupportedTaxYears" name="test_supported_years_returns_valid_list" time="0.103" /><testcase classname="backend.tests.test_tax_phase3.TestSupportedTaxYears" name="test_supported_years_no_auth_required" time="0.118" /><testcase classname="backend.tests.test_tax_phase3.TestScheduleDExport" name="test_schedule_d_requires_auth" time="0.105" /><testcase classname="backend.tests.test_tax_phase3.TestScheduleDExport" name="test_schedule_d_free_user_blocked" time="0.176" /><testcase classname="backend.tests.test_tax_phase3.TestScheduleDExport" name="test_schedule_d_premium_text_format" time="15.707" /><testcase classname="backend.tests.test_tax_phase3.TestScheduleDExport" name="test_schedule_d_premium_csv_format" time="13.008" /><testcase classname="backend.tests.test_tax_phase3.TestScheduleDExport" name="test_schedule_d_validates_tax_year" time="0.259" /><testcase classname="backend.tests.test_tax_phase3.TestScheduleDExport" name="test_schedule_d_accepts_2020_year" time="14.170" /><testcase classname="backend.tests.test_tax_phase3.TestBatchCategorization" name="test_batch_categorize_requires_auth" time="0.137" /><testcase classname="backend.tests.test_tax_phase3.TestBatchCategorization" name="test_batch_categorize_free_user_blocked" time="0.173" /><testcase classname="backend.tests.test_tax_phase3.TestBatchCategorization" name="test_batch_categorize_premium_with_tx_type_rule" time="14.178" /><testcase classname="backend.tests.test_tax_phase3.TestBatchCategorization" name="test_batch_categorize_premium_with_address_rule" time="13.774" /><testcase classname="backend.tests.test_tax_phase3.TestBatchCategorization" name="test_batch_categorize_premium_with_amount_rule" time="12.430" /><testcase classname="backend.tests.test_tax_phase3.TestBatchCategorization" name="test_batch_categorize_multiple_rules" time="12.458" /><testcase classname="backend.tests.test_tax_phase3.TestAutoCategorization" name="test_auto_categorize_requires_auth" time="0.169" /><testcase classname="backend.tests.test_tax_phase3.TestAutoCategorization" name="test_auto_categorize_free_user_blocked" time="0.179" /><testcase classname="backend.tests.test_tax_phase3.TestAutoCategorization" name="test_auto_categorize_premium_without_known_addresses" time="12.401" /><testcase classname="backend.tests.test_tax_phase3.TestAutoCategorization" name="test_auto_categorize_premium_with_known_addresses" time="13.280" /><testcase classname="backend.tests.test_tax_phase3.TestAutoCategorization" name="test_auto_categorize_saves_categories" time="14.175" /><testcase classname="backend.tests.test_tax_phase3.TestBatchCategorizeSavesCategories" name="test_batch_categorize_saves_categories" time="14.317" /></testsuite></testsuites>