<?xml version="1.0" encoding="utf-8"?><testsuites name="pytest tests"><testsuite name="pytest" errors="0" failures="0" skipped="0" tests="34" time="17.713" timestamp="2026-03-06T20:33:07.896787+00:00" hostname="agent-env-4ccffb03-75d3-434d-8a7a-f0e5c1524492"><testcase classname="tests.test_data_source_toggle.TestDataSourceToggle" name="test_wallet_only_data_source" time="0.983" /><testcase classname="tests.test_data_source_toggle.TestDataSourceToggle" name="test_exchange_only_data_source" time="0.261" /><testcase classname="tests.test_data_source_toggle.TestDataSourceToggle" name="test_combined_data_source" time="0.728" /><testcase classname="tests.test_data_source_toggle.TestDataSourceToggle" name="test_default_data_source_is_combined" time="0.765" /><testcase classname="tests.test_data_source_toggle.TestDataSourceToggle" name="test_data_sources_used_structure" time="0.795" /><testcase classname="tests.test_data_source_toggle.TestDataSourceToggle" name="test_wallet_only_excludes_exchange_data" time="0.753" /><testcase classname="tests.test_data_source_toggle.TestDataSourceToggle" name="test_exchange_only_excludes_wallet_data" time="0.263" /><testcase classname="tests.test_data_source_toggle.TestDataSourceToggle" name="test_wallet_only_requires_address" time="0.244" /><testcase classname="tests.test_data_source_toggle.TestDataSourceToggle" name="test_combined_requires_address" time="0.355" /><testcase classname="tests.test_data_source_toggle.TestDataSourceToggle" name="test_exchange_only_does_not_require_address" time="0.282" /><testcase classname="tests.test_data_source_toggle.TestStablecoinExclusion" name="test_stablecoins_set_defined" time="0.137" /><testcase classname="tests.test_data_source_toggle.TestStablecoinExclusion" name="test_is_stablecoin_method" time="0.138" /><testcase classname="tests.test_data_source_toggle.TestStablecoinExclusion" name="test_exchange_tax_excludes_stablecoins" time="0.205" /><testcase classname="tests.test_data_source_toggle.TestFreeTierAccess" name="test_free_user_blocked_wallet_only" time="0.224" /><testcase classname="tests.test_data_source_toggle.TestFreeTierAccess" name="test_free_user_blocked_exchange_only" time="0.214" /><testcase classname="tests.test_data_source_toggle.TestFreeTierAccess" name="test_free_user_blocked_combined" time="0.217" /><testcase classname="tests.test_unified_tax.TestUnifiedTaxEndpoints" name="test_unified_tax_requires_auth" time="0.293" /><testcase classname="tests.test_unified_tax.TestUnifiedTaxEndpoints" name="test_unified_tax_free_user_blocked" time="0.285" /><testcase classname="tests.test_unified_tax.TestUnifiedTaxEndpoints" name="test_unified_tax_premium_user_success" time="0.913" /><testcase classname="tests.test_unified_tax.TestUnifiedTaxEndpoints" name="test_unified_tax_response_structure" time="0.730" /><testcase classname="tests.test_unified_tax.TestUnifiedTaxEndpoints" name="test_unified_tax_with_tax_year_filter" time="0.747" /><testcase classname="tests.test_unified_tax.TestUnifiedTaxEndpoints" name="test_unified_tax_with_asset_filter" time="0.805" /><testcase classname="tests.test_unified_tax.TestUnifiedTaxEndpoints" name="test_unified_tax_different_chains" time="2.473" /><testcase classname="tests.test_unified_tax.TestUnifiedTaxEndpoints" name="test_unified_tax_without_exchanges" time="0.845" /><testcase classname="tests.test_unified_tax.TestUnifiedTaxEndpoints" name="test_unified_assets_requires_auth" time="0.303" /><testcase classname="tests.test_unified_tax.TestUnifiedTaxEndpoints" name="test_unified_assets_free_user_blocked" time="0.222" /><testcase classname="tests.test_unified_tax.TestUnifiedTaxEndpoints" name="test_unified_assets_premium_user_success" time="0.294" /><testcase classname="tests.test_unified_tax.TestUnifiedTaxEndpoints" name="test_unified_assets_response_structure" time="0.360" /><testcase classname="tests.test_unified_tax.TestUnifiedTaxServiceLogic" name="test_fifo_method_is_used" time="0.666" /><testcase classname="tests.test_unified_tax.TestUnifiedTaxServiceLogic" name="test_summary_calculations" time="0.730" /><testcase classname="tests.test_unified_tax.TestUnifiedTaxServiceLogic" name="test_unrealized_gains_structure" time="0.817" /><testcase classname="tests.test_unified_tax.TestUnifiedTaxInputValidation" name="test_unified_tax_empty_address" time="0.179" /><testcase classname="tests.test_unified_tax.TestUnifiedTaxInputValidation" name="test_unified_tax_invalid_chain" time="0.232" /><testcase classname="tests.test_unified_tax.TestUnifiedTaxInputValidation" name="test_unified_tax_missing_address" time="0.193" /></testsuite></testsuites>