<?xml version="1.0" encoding="utf-8"?><testsuites name="pytest tests"><testsuite name="pytest" errors="0" failures="0" skipped="0" tests="25" time="51.466" timestamp="2026-03-19T17:25:35.759744+00:00" hostname="agent-env-63425e1f-e144-4a37-9c62-3f67dbb8660b"><testcase classname="tests.test_refactored_routes.TestRootEndpoints" name="test_api_root" time="0.153" /><testcase classname="tests.test_refactored_routes.TestRootEndpoints" name="test_api_status_post" time="0.134" /><testcase classname="tests.test_refactored_routes.TestAuthRoutes" name="test_login_valid_credentials" time="0.132" /><testcase classname="tests.test_refactored_routes.TestAuthRoutes" name="test_login_invalid_credentials" time="0.130" /><testcase classname="tests.test_refactored_routes.TestAuthRoutes" name="test_me_endpoint" time="0.220" /><testcase classname="tests.test_refactored_routes.TestAuthRoutes" name="test_me_endpoint_unauthorized" time="0.122" /><testcase classname="tests.test_refactored_routes.TestWalletRoutes" name="test_wallet_analyze_solana" time="1.404" /><testcase classname="tests.test_refactored_routes.TestWalletRoutes" name="test_wallet_analyze_invalid_address" time="0.185" /><testcase classname="tests.test_refactored_routes.TestWalletRoutes" name="test_saved_wallets_get" time="0.225" /><testcase classname="tests.test_refactored_routes.TestTaxRoutes" name="test_supported_years" time="0.127" /><testcase classname="tests.test_refactored_routes.TestTaxRoutes" name="test_unified_tax_exchange_only" time="0.161" /><testcase classname="tests.test_refactored_routes.TestTaxRoutes" name="test_unified_tax_wallet_only" time="0.442" /><testcase classname="tests.test_refactored_routes.TestTaxRoutes" name="test_export_form_8949_bug_documented" time="31.366" /><testcase classname="tests.test_refactored_routes.TestTaxRoutes" name="test_tax_categories_get" time="0.213" /><testcase classname="tests.test_refactored_routes.TestExchangeRoutes" name="test_supported_exchanges" time="0.127" /><testcase classname="tests.test_refactored_routes.TestExchangeRoutes" name="test_import_csv_requires_file" time="0.274" /><testcase classname="tests.test_refactored_routes.TestExchangeRoutes" name="test_exchange_transactions_list" time="0.210" /><testcase classname="tests.test_refactored_routes.TestAffiliateRoutes" name="test_validate_affiliate_code_invalid" time="0.127" /><testcase classname="tests.test_refactored_routes.TestAffiliateRoutes" name="test_affiliate_me_not_registered" time="0.225" /><testcase classname="tests.test_refactored_routes.TestCustodyRoutes" name="test_custody_analyze" time="14.410" /><testcase classname="tests.test_refactored_routes.TestCustodyRoutes" name="test_custody_history" time="0.270" /><testcase classname="tests.test_refactored_routes.TestSupportRoutes" name="test_support_contact" time="0.199" /><testcase classname="tests.test_refactored_routes.TestLegacyAliases" name="test_exchange_connect_alias_unauthorized" time="0.147" /><testcase classname="tests.test_refactored_routes.TestFreeTierRestrictions" name="test_multichain_requires_paid_tier" time="0.183" /><testcase classname="tests.test_refactored_routes.TestFreeTierRestrictions" name="test_unified_tax_requires_paid_tier" time="0.199" /></testsuite></testsuites>