<?xml version="1.0" encoding="utf-8"?><testsuites name="pytest tests"><testsuite name="pytest" errors="0" failures="0" skipped="0" tests="28" time="4.656" timestamp="2026-03-27T02:01:36.683072+00:00" hostname="agent-env-52a4fe0f-7bbe-4299-9190-c5b5fd6bc61b"><testcase classname="tests.test_staged_proceeds_api.TestStagedProceedsStages" name="test_get_stages_returns_success" time="0.472" /><testcase classname="tests.test_staged_proceeds_api.TestStagedProceedsStages" name="test_get_stages_returns_stages_structure" time="0.173" /><testcase classname="tests.test_staged_proceeds_api.TestStagedProceedsStages" name="test_stages_have_required_fields" time="0.128" /><testcase classname="tests.test_staged_proceeds_api.TestStagedProceedsPreview" name="test_preview_returns_success" time="0.122" /><testcase classname="tests.test_staged_proceeds_api.TestStagedProceedsPreview" name="test_preview_returns_proper_structure" time="0.127" /><testcase classname="tests.test_staged_proceeds_api.TestStagedProceedsPreview" name="test_preview_with_asset_filter" time="0.121" /><testcase classname="tests.test_staged_proceeds_api.TestStagedProceedsPreview" name="test_preview_with_date_range_filter" time="0.152" /><testcase classname="tests.test_staged_proceeds_api.TestStagedProceedsPreview" name="test_preview_with_valuation_filter" time="0.488" /><testcase classname="tests.test_staged_proceeds_api.TestStagedProceedsPreview" name="test_preview_with_confidence_threshold" time="0.129" /><testcase classname="tests.test_staged_proceeds_api.TestStagedProceedsApply" name="test_apply_dry_run_returns_success" time="0.151" /><testcase classname="tests.test_staged_proceeds_api.TestStagedProceedsApply" name="test_apply_dry_run_returns_result_structure" time="0.147" /><testcase classname="tests.test_staged_proceeds_api.TestStagedProceedsApply" name="test_apply_with_asset_filter" time="0.132" /><testcase classname="tests.test_staged_proceeds_api.TestStagedProceedsApply" name="test_apply_with_valuation_filter" time="0.133" /><testcase classname="tests.test_staged_proceeds_api.TestStagedProceedsApply" name="test_apply_blocked_reasons_tracked" time="0.129" /><testcase classname="tests.test_staged_proceeds_api.TestStagedProceedsConvenienceEndpoints" name="test_apply_exact_only_dry_run" time="0.119" /><testcase classname="tests.test_staged_proceeds_api.TestStagedProceedsConvenienceEndpoints" name="test_apply_exact_only_with_asset_filter" time="0.118" /><testcase classname="tests.test_staged_proceeds_api.TestStagedProceedsConvenienceEndpoints" name="test_apply_stablecoins_only_dry_run" time="0.149" /><testcase classname="tests.test_staged_proceeds_api.TestStagedProceedsConvenienceEndpoints" name="test_apply_high_confidence_dry_run" time="0.123" /><testcase classname="tests.test_staged_proceeds_api.TestStagedProceedsConvenienceEndpoints" name="test_apply_high_confidence_with_asset_filter" time="0.132" /><testcase classname="tests.test_staged_proceeds_api.TestRollbackBatches" name="test_list_rollback_batches" time="0.110" /><testcase classname="tests.test_staged_proceeds_api.TestRollbackBatches" name="test_rollback_batches_have_required_fields" time="0.107" /><testcase classname="tests.test_staged_proceeds_api.TestRollbackBatches" name="test_rollback_invalid_batch_returns_404" time="0.109" /><testcase classname="tests.test_staged_proceeds_api.TestValidationDelta" name="test_validation_delta_structure_in_apply" time="0.390" /><testcase classname="tests.test_staged_proceeds_api.TestSafetyBlocks" name="test_low_confidence_blocked_without_force_override" time="0.124" /><testcase classname="tests.test_staged_proceeds_api.TestSafetyBlocks" name="test_wide_window_blocked_by_default" time="0.115" /><testcase classname="tests.test_staged_proceeds_api.TestIntegrationWithExistingBatches" name="test_existing_batches_listed" time="0.121" /><testcase classname="tests.test_staged_proceeds_api.TestIntegrationWithExistingBatches" name="test_stages_show_zero_remaining_after_all_applied" time="0.135" /><testcase classname="tests.test_staged_proceeds_api.TestRollbackFunctionality" name="test_rollback_batch_preview" time="0.134" /></testsuite></testsuites>