<?xml version="1.0" encoding="utf-8"?><testsuites name="pytest tests"><testsuite name="pytest" errors="0" failures="0" skipped="0" tests="7" time="30.104" timestamp="2026-06-23T22:08:25.436522+00:00" hostname="agent-env-ca618f07-ff19-45c0-af43-1bb76de9c0bf"><testcase classname="backend.tests.test_strategy_planner.TestStrategyPlanner" name="test_list_strategies" time="0.590" /><testcase classname="backend.tests.test_strategy_planner.TestStrategyPlanner" name="test_create_strategy_with_entry_tiers_creates_price_below_alerts" time="8.597" /><testcase classname="backend.tests.test_strategy_planner.TestStrategyPlanner" name="test_create_strategy_with_exit_tiers_creates_price_above_alerts" time="9.288" /><testcase classname="backend.tests.test_strategy_planner.TestStrategyPlanner" name="test_create_strategy_with_mixed_tiers" time="10.108" /><testcase classname="backend.tests.test_strategy_planner.TestStrategyPlanner" name="test_duplicate_strategy_for_same_asset_returns_400" time="0.453" /><testcase classname="backend.tests.test_strategy_planner.TestStrategyPlanner" name="test_update_strategy_adds_new_alerts" time="0.475" /><testcase classname="backend.tests.test_strategy_planner.TestStrategyPlanner" name="test_delete_strategy" time="0.561" /></testsuite></testsuites>