<?xml version="1.0" encoding="utf-8"?><testsuites name="pytest tests"><testsuite name="pytest" errors="0" failures="0" skipped="0" tests="8" time="0.796" timestamp="2026-06-26T17:07:42.947935+00:00" hostname="agent-env-ca618f07-ff19-45c0-af43-1bb76de9c0bf"><testcase classname="backend.tests.test_stripe_webhooks.TestWebhookExistence" name="test_payments_webhook_exists" time="0.242" /><testcase classname="backend.tests.test_stripe_webhooks.TestWebhookExistence" name="test_alerts_webhook_exists" time="0.146" /><testcase classname="backend.tests.test_stripe_webhooks.TestSignatureValidation" name="test_payments_webhook_rejects_invalid_signature" time="0.167" /><testcase classname="backend.tests.test_stripe_webhooks.TestSignatureValidation" name="test_payments_webhook_rejects_missing_signature" time="0.106" /><testcase classname="backend.tests.test_stripe_webhooks.TestSignatureValidation" name="test_alerts_webhook_rejects_invalid_signature" time="0.107" /><testcase classname="backend.tests.test_stripe_webhooks.TestHandlerStructure" name="test_checkout_session_completed_updates_alert_subscriptions" time="0.000" /><testcase classname="backend.tests.test_stripe_webhooks.TestHandlerStructure" name="test_subscription_updated_updates_alert_subscriptions" time="0.000" /><testcase classname="backend.tests.test_stripe_webhooks.TestHandlerStructure" name="test_subscription_deleted_updates_alert_subscriptions" time="0.000" /></testsuite></testsuites>