<?xml version="1.0" encoding="utf-8"?><testsuites name="pytest tests"><testsuite name="pytest" errors="0" failures="0" skipped="0" tests="37" time="0.034" timestamp="2026-03-27T00:07:48.135522+00:00" hostname="agent-env-52a4fe0f-7bbe-4299-9190-c5b5fd6bc61b"><testcase classname="tests.test_tax_validation.TestTransactionClassification" name="test_buy_classified_as_acquisition" time="0.000" /><testcase classname="tests.test_tax_validation.TestTransactionClassification" name="test_sell_classified_as_disposal" time="0.000" /><testcase classname="tests.test_tax_validation.TestTransactionClassification" name="test_staking_classified_as_income" time="0.000" /><testcase classname="tests.test_tax_validation.TestTransactionClassification" name="test_airdrop_classified_as_income" time="0.000" /><testcase classname="tests.test_tax_validation.TestTransactionClassification" name="test_linked_send_classified_as_internal" time="0.000" /><testcase classname="tests.test_tax_validation.TestTransactionClassification" name="test_external_send_classified_as_disposal" time="0.000" /><testcase classname="tests.test_tax_validation.TestTransactionClassification" name="test_unresolved_send_classified_as_unknown" time="0.000" /><testcase classname="tests.test_tax_validation.TestTransactionClassification" name="test_unknown_tx_needs_review" time="0.000" /><testcase classname="tests.test_tax_validation.TestCostBasisEngine" name="test_create_lot_basic" time="0.000" /><testcase classname="tests.test_tax_validation.TestCostBasisEngine" name="test_create_lot_negative_cost_basis_fails" time="0.000" /><testcase classname="tests.test_tax_validation.TestCostBasisEngine" name="test_create_lot_zero_quantity_fails" time="0.000" /><testcase classname="tests.test_tax_validation.TestCostBasisEngine" name="test_simple_buy_sell" time="0.000" /><testcase classname="tests.test_tax_validation.TestCostBasisEngine" name="test_fifo_order" time="0.000" /><testcase classname="tests.test_tax_validation.TestCostBasisEngine" name="test_partial_lot_disposal" time="0.000" /><testcase classname="tests.test_tax_validation.TestCostBasisEngine" name="test_multi_wallet_transfers" time="0.000" /><testcase classname="tests.test_tax_validation.TestCostBasisEngine" name="test_long_term_holding_period" time="0.000" /><testcase classname="tests.test_tax_validation.TestCostBasisEngine" name="test_disposal_exceeds_available_quantity" time="0.000" /><testcase classname="tests.test_tax_validation.TestCostBasisEngine" name="test_orphan_disposal_fails" time="0.000" /><testcase classname="tests.test_tax_validation.TestInvariantChecks" name="test_balance_reconciliation_pass" time="0.000" /><testcase classname="tests.test_tax_validation.TestInvariantChecks" name="test_balance_reconciliation_fail" time="0.000" /><testcase classname="tests.test_tax_validation.TestInvariantChecks" name="test_no_double_spend_pass" time="0.000" /><testcase classname="tests.test_tax_validation.TestInvariantChecks" name="test_no_orphan_disposals_pass" time="0.000" /><testcase classname="tests.test_tax_validation.TestInvariantChecks" name="test_run_all_invariants" time="0.000" /><testcase classname="tests.test_tax_validation.TestForm8949Validation" name="test_valid_8949_record" time="0.000" /><testcase classname="tests.test_tax_validation.TestForm8949Validation" name="test_missing_field_fails" time="0.000" /><testcase classname="tests.test_tax_validation.TestForm8949Validation" name="test_negative_proceeds_fails" time="0.000" /><testcase classname="tests.test_tax_validation.TestForm8949Validation" name="test_gain_loss_calculation_mismatch" time="0.000" /><testcase classname="tests.test_tax_validation.TestForm8949Validation" name="test_full_export_validation" time="0.000" /><testcase classname="tests.test_tax_validation.TestBridgeTransactions" name="test_bridge_internal_transfer" time="0.000" /><testcase classname="tests.test_tax_validation.TestBridgeTransactions" name="test_bridge_external_transfer" time="0.000" /><testcase classname="tests.test_tax_validation.TestIncomeHandling" name="test_staking_creates_cost_basis" time="0.000" /><testcase classname="tests.test_tax_validation.TestIncomeHandling" name="test_sell_staking_rewards" time="0.000" /><testcase classname="tests.test_tax_validation.TestFeeDeductions" name="test_buy_with_fee" time="0.000" /><testcase classname="tests.test_tax_validation.TestRecomputeLogic" name="test_recompute_clears_state" time="0.000" /><testcase classname="tests.test_tax_validation.TestAuditTrail" name="test_audit_trail_created" time="0.000" /><testcase classname="tests.test_tax_validation.TestAuditTrail" name="test_audit_trail_disposal" time="0.000" /><testcase classname="tests.test_tax_validation.TestUnresolvedChainBreaks" name="test_unresolved_defaults_to_external" time="0.000" /></testsuite></testsuites>