<?xml version="1.0" encoding="utf-8"?><testsuites name="pytest tests"><testsuite name="pytest" errors="0" failures="0" skipped="0" tests="24" time="4.620" timestamp="2026-03-27T00:08:44.103792+00:00" hostname="agent-env-52a4fe0f-7bbe-4299-9190-c5b5fd6bc61b"><testcase classname="tests.test_tax_validation_api.TestTaxValidationAPI" name="test_validate_transactions_buy_acquisition" time="0.358" /><testcase classname="tests.test_tax_validation_api.TestTaxValidationAPI" name="test_validate_transactions_sell_disposal" time="0.225" /><testcase classname="tests.test_tax_validation_api.TestTaxValidationAPI" name="test_validate_transactions_staking_income" time="0.217" /><testcase classname="tests.test_tax_validation_api.TestTaxValidationAPI" name="test_validate_transactions_unlinked_send_unknown" time="0.177" /><testcase classname="tests.test_tax_validation_api.TestTaxValidationAPI" name="test_validate_transactions_linked_send_internal" time="0.205" /><testcase classname="tests.test_tax_validation_api.TestTaxValidationAPI" name="test_validate_transactions_batch" time="0.189" /><testcase classname="tests.test_tax_validation_api.TestTaxValidationAPI" name="test_validate_invariants_basic" time="0.188" /><testcase classname="tests.test_tax_validation_api.TestTaxValidationAPI" name="test_validate_invariants_with_balances" time="0.173" /><testcase classname="tests.test_tax_validation_api.TestTaxValidationAPI" name="test_get_account_status" time="0.189" /><testcase classname="tests.test_tax_validation_api.TestTaxValidationAPI" name="test_get_lot_status_btc" time="0.241" /><testcase classname="tests.test_tax_validation_api.TestTaxValidationAPI" name="test_get_lot_status_eth" time="0.178" /><testcase classname="tests.test_tax_validation_api.TestTaxValidationAPI" name="test_get_lot_status_nonexistent_asset" time="0.194" /><testcase classname="tests.test_tax_validation_api.TestTaxValidationAPI" name="test_get_audit_trail" time="0.167" /><testcase classname="tests.test_tax_validation_api.TestTaxValidationAPI" name="test_get_audit_trail_with_limit" time="0.202" /><testcase classname="tests.test_tax_validation_api.TestTaxValidationAPI" name="test_trigger_recompute" time="0.187" /><testcase classname="tests.test_tax_validation_api.TestTaxValidationAPI" name="test_trigger_recompute_default_reason" time="0.174" /><testcase classname="tests.test_tax_validation_api.TestTaxValidationAPI" name="test_export_form_8949_with_validation" time="0.189" /><testcase classname="tests.test_tax_validation_api.TestTaxValidationAPI" name="test_export_form_8949_without_validation" time="0.161" /><testcase classname="tests.test_tax_validation_api.TestTaxValidationAPIEdgeCases" name="test_validate_transactions_empty_list" time="0.170" /><testcase classname="tests.test_tax_validation_api.TestTaxValidationAPIEdgeCases" name="test_validate_transactions_all_types" time="0.160" /><testcase classname="tests.test_tax_validation_api.TestTaxValidationAPIEdgeCases" name="test_validate_transactions_external_send" time="0.201" /><testcase classname="tests.test_tax_validation_api.TestTaxValidationAPIAuth" name="test_validate_transactions_requires_auth" time="0.156" /><testcase classname="tests.test_tax_validation_api.TestTaxValidationAPIAuth" name="test_account_status_requires_auth" time="0.146" /><testcase classname="tests.test_tax_validation_api.TestTaxValidationAPIAuth" name="test_lot_status_requires_auth" time="0.111" /></testsuite></testsuites>