<?xml version="1.0" encoding="utf-8"?><testsuites name="pytest tests"><testsuite name="pytest" errors="0" failures="0" skipped="0" tests="21" time="10.668" timestamp="2026-03-28T18:02:07.022725+00:00" hostname="agent-env-ca618f07-ff19-45c0-af43-1bb76de9c0bf"><testcase classname="backend.tests.test_tax_regression_iteration29.TestTaxRegressionAfterCSSChanges" name="test_unified_tax_endpoint_returns_200" time="0.694" /><testcase classname="backend.tests.test_tax_regression_iteration29.TestTaxRegressionAfterCSSChanges" name="test_unified_tax_with_year_filter" time="0.413" /><testcase classname="backend.tests.test_tax_regression_iteration29.TestTaxRegressionAfterCSSChanges" name="test_validation_status_endpoint" time="0.199" /><testcase classname="backend.tests.test_tax_regression_iteration29.TestTaxRegressionAfterCSSChanges" name="test_pre_export_check_endpoint" time="0.276" /><testcase classname="backend.tests.test_tax_regression_iteration29.TestTaxRegressionAfterCSSChanges" name="test_transactions_endpoint" time="0.211" /><testcase classname="backend.tests.test_tax_regression_iteration29.TestTaxRegressionAfterCSSChanges" name="test_transactions_with_filters" time="0.228" /><testcase classname="backend.tests.test_tax_regression_iteration29.TestTaxRegressionAfterCSSChanges" name="test_tax_lots_endpoint" time="0.307" /><testcase classname="backend.tests.test_tax_regression_iteration29.TestTaxRegressionAfterCSSChanges" name="test_tax_lots_with_asset_filter" time="0.179" /><testcase classname="backend.tests.test_tax_regression_iteration29.TestTaxRegressionAfterCSSChanges" name="test_tax_disposals_endpoint" time="0.190" /><testcase classname="backend.tests.test_tax_regression_iteration29.TestTaxRegressionAfterCSSChanges" name="test_tax_disposals_with_year_filter" time="0.205" /><testcase classname="backend.tests.test_tax_regression_iteration29.TestTaxRegressionAfterCSSChanges" name="test_classification_effectiveness_endpoint" time="0.172" /><testcase classname="backend.tests.test_tax_regression_iteration29.TestTaxRegressionAfterCSSChanges" name="test_form_8949_export_endpoint" time="0.182" /><testcase classname="backend.tests.test_tax_regression_iteration29.TestTaxRegressionAfterCSSChanges" name="test_exchange_tax_calculate_endpoint" time="5.953" /><testcase classname="backend.tests.test_tax_regression_iteration29.TestTaxRegressionAfterCSSChanges" name="test_tax_supported_years_endpoint" time="0.308" /><testcase classname="backend.tests.test_tax_regression_iteration29.TestTaxRegressionAfterCSSChanges" name="test_asset_balances_endpoint" time="0.197" /><testcase classname="backend.tests.test_tax_regression_iteration29.TestTaxAPIAuthentication" name="test_unified_tax_requires_auth" time="0.127" /><testcase classname="backend.tests.test_tax_regression_iteration29.TestTaxAPIAuthentication" name="test_validation_status_requires_auth" time="0.133" /><testcase classname="backend.tests.test_tax_regression_iteration29.TestTaxAPIAuthentication" name="test_tax_lots_requires_auth" time="0.095" /><testcase classname="backend.tests.test_tax_regression_iteration29.TestTaxAPIAuthentication" name="test_transactions_requires_auth" time="0.106" /><testcase classname="backend.tests.test_tax_regression_iteration29.TestTaxMathCalculations" name="test_unified_tax_returns_numeric_values" time="0.196" /><testcase classname="backend.tests.test_tax_regression_iteration29.TestTaxMathCalculations" name="test_disposals_gain_loss_is_numeric" time="0.194" /></testsuite></testsuites>