<?xml version="1.0" encoding="utf-8"?><testsuites name="pytest tests"><testsuite name="pytest" errors="0" failures="0" skipped="0" tests="18" time="10.936" timestamp="2026-03-05T21:24:26.947689+00:00" hostname="agent-env-f75688be-0238-49bb-9382-a06e9b7f27d3"><testcase classname="test_unified_tax.TestUnifiedTaxEndpoints" name="test_unified_tax_requires_auth" time="0.311" /><testcase classname="test_unified_tax.TestUnifiedTaxEndpoints" name="test_unified_tax_free_user_blocked" time="0.291" /><testcase classname="test_unified_tax.TestUnifiedTaxEndpoints" name="test_unified_tax_premium_user_success" time="0.870" /><testcase classname="test_unified_tax.TestUnifiedTaxEndpoints" name="test_unified_tax_response_structure" time="0.769" /><testcase classname="test_unified_tax.TestUnifiedTaxEndpoints" name="test_unified_tax_with_tax_year_filter" time="0.782" /><testcase classname="test_unified_tax.TestUnifiedTaxEndpoints" name="test_unified_tax_with_asset_filter" time="0.729" /><testcase classname="test_unified_tax.TestUnifiedTaxEndpoints" name="test_unified_tax_different_chains" time="2.474" /><testcase classname="test_unified_tax.TestUnifiedTaxEndpoints" name="test_unified_tax_without_exchanges" time="0.800" /><testcase classname="test_unified_tax.TestUnifiedTaxEndpoints" name="test_unified_assets_requires_auth" time="0.368" /><testcase classname="test_unified_tax.TestUnifiedTaxEndpoints" name="test_unified_assets_free_user_blocked" time="0.282" /><testcase classname="test_unified_tax.TestUnifiedTaxEndpoints" name="test_unified_assets_premium_user_success" time="0.254" /><testcase classname="test_unified_tax.TestUnifiedTaxEndpoints" name="test_unified_assets_response_structure" time="0.296" /><testcase classname="test_unified_tax.TestUnifiedTaxServiceLogic" name="test_fifo_method_is_used" time="0.762" /><testcase classname="test_unified_tax.TestUnifiedTaxServiceLogic" name="test_summary_calculations" time="0.676" /><testcase classname="test_unified_tax.TestUnifiedTaxServiceLogic" name="test_unrealized_gains_structure" time="0.613" /><testcase classname="test_unified_tax.TestUnifiedTaxInputValidation" name="test_unified_tax_empty_address" time="0.213" /><testcase classname="test_unified_tax.TestUnifiedTaxInputValidation" name="test_unified_tax_invalid_chain" time="0.204" /><testcase classname="test_unified_tax.TestUnifiedTaxInputValidation" name="test_unified_tax_missing_address" time="0.193" /></testsuite></testsuites>